Log file open, 12/08/17 21:12:06
LogInit:Display: Running engine for game: TopDown
LogPlatformFile: Not using cached read wrapper
LogInit:Display: RandInit(-912976588) SRandInit(-912976587).
LogTaskGraph: Started task graph with 5 named threads and 8 total threads with 1 sets of task threads.
LogStats: Stats thread started at 0.833974
LogInit: Using libcurl 7.47.1
LogInit:  - built for x86_64-pc-win32
LogInit:  - supports SSL with OpenSSL/1.0.2g
LogInit:  - supports HTTP deflate (compression) using libz 1.2.8
LogInit:  - other features:
LogInit:      CURL_VERSION_SSL
LogInit:      CURL_VERSION_LIBZ
LogInit:      CURL_VERSION_IPV6
LogInit:      CURL_VERSION_ASYNCHDNS
LogInit:      CURL_VERSION_LARGEFILE
LogInit:      CURL_VERSION_IDN
LogInit:  CurlRequestOptions (configurable via config and command line):
LogInit:  - bVerifyPeer = false  - Libcurl will NOT verify peer certificate
LogInit:  - bUseHttpProxy = false  - Libcurl will NOT use HTTP proxy
LogInit:  - bDontReuseConnections = false  - Libcurl will reuse connections
LogInit:  - CertBundlePath = nullptr  - Libcurl will use whatever was configured at build time.
LogInit: Build: ++UE4+Release-4.16-CL-3514769
LogInit: Engine Version: 4.16.2-3514769+++UE4+Release-4.16
LogInit: Compatible Engine Version: 4.16.0-3452394+++UE4+Release-4.16
LogInit: Net CL: 3452394
LogDevObjectVersion: Number of dev versions registered: 16
LogDevObjectVersion:   Dev-Blueprints (B0D832E4-1F89-4F0D-ACCF-7EB736FD4AA2): 9
LogDevObjectVersion:   Dev-Build (E1C64328-A22C-4D53-A36C-8E866417BD8C): 0
LogDevObjectVersion:   Dev-Core (375EC13C-06E4-48FB-B500-84F0262A717E): 2
LogDevObjectVersion:   Dev-Editor (E4B068ED-F494-42E9-A231-DA0B2E46BB41): 17
LogDevObjectVersion:   Dev-Framework (CFFC743F-43B0-4480-9391-14DF171D2073): 23
LogDevObjectVersion:   Dev-Mobile (B02B49B5-BB20-44E9-A304-32B752E40360): 0
LogDevObjectVersion:   Dev-Networking (A4E4105C-59A1-49B5-A7C5-40C4547EDFEE): 0
LogDevObjectVersion:   Dev-Online (39C831C9-5AE6-47DC-9A44-9C173E1C8E7C): 0
LogDevObjectVersion:   Dev-Physics (78F01B33-EBEA-4F98-B9B4-84EACCB95AA2): 0
LogDevObjectVersion:   Dev-Platform (6631380F-2D4D-43E0-8009-CF276956A95A): 0
LogDevObjectVersion:   Dev-Rendering (12F88B9F-8875-4AFC-A67C-D90C383ABD29): 15
LogDevObjectVersion:   Dev-Sequencer (7B5AE74C-D270-4C10-A958-57980B212A5A): 4
LogDevObjectVersion:   Dev-VR (D7296918-1DD6-4BDD-9DE2-64A83CC13884): 0
LogDevObjectVersion:   Dev-LoadTimes (C2A15278-BFE7-4AFE-6C17-90FF531DF755): 1
LogDevObjectVersion:   Private-Geometry (6EACA3D4-40EC-4CC1-B786-8BED09428FC5): 1
LogDevObjectVersion:   Dev-AnimPhys (29E575DD-E0A3-4627-9D10-D276232CDCEA): 3
LogInit: Compiled (64-bit): Jun 29 2017 02:03:24
LogInit: Compiled with Visual C++: 19.00.24215.01
LogInit: Build Configuration: Development
LogInit: Branch Name: ++UE4+Release-4.16
LogInit: Command line:  
LogInit: Base directory: C:/Program Files/Epic Games/UE_4.16/Engine/Binaries/Win64/
LogInit: Installed Engine Build: 1
LogInit: Presizing for max 8388607 objects, including 0 objects not considered by GC, pre-allocating 0 bytes for permanent pool.
LogInit: Object subsystem initialized
[2017.12.09-02.12.07:086][  0]LogInit: Selected Device Profile: [Windows]
[2017.12.09-02.12.07:086][  0]LogInit: Applying CVar settings loaded from the selected device profile: [Windows]
[2017.12.09-02.12.07:156][  0]LogInit: Computer: DESKTOP-9I2E2DC
[2017.12.09-02.12.07:156][  0]LogInit: User: Max
[2017.12.09-02.12.07:156][  0]LogInit: CPU Page size=4096, Cores=4
[2017.12.09-02.12.07:156][  0]LogInit: High frequency timer resolution =2.610084 MHz
[2017.12.09-02.12.07:156][  0]LogMemory: Memory total: Physical=12.0GB (12GB approx)
[2017.12.09-02.12.07:156][  0]LogMemory: Platform Memory Stats for Windows
[2017.12.09-02.12.07:156][  0]LogMemory: Process Physical Memory: 274.59 MB used, 274.59 MB peak
[2017.12.09-02.12.07:156][  0]LogMemory: Process Virtual Memory: 260.80 MB used, 260.80 MB peak
[2017.12.09-02.12.07:156][  0]LogMemory: Physical Memory: 2492.38 MB used,  9786.70 MB free, 12279.08 MB total
[2017.12.09-02.12.07:156][  0]LogMemory: Virtual Memory: 672.05 MB used,  9786.70 MB free, 134217728.00 MB total
[2017.12.09-02.12.07:538][  0]LogInit: Using OS detected language (en-US).
[2017.12.09-02.12.07:538][  0]LogInit: Using OS detected locale (en-US).
[2017.12.09-02.12.07:614][  0]LogTextLocalizationManager: No specific localization for 'en-US' exists, so the 'en' localization will be used.
[2017.12.09-02.12.12:054][  0]LogD3D11RHI: D3D11 adapters:
[2017.12.09-02.12.12:128][  0]LogD3D11RHI:    0. 'NVIDIA GeForce GTX 670' (Feature Level 11_0)
[2017.12.09-02.12.12:128][  0]LogD3D11RHI:       2017/0/6139 MB DedicatedVideo/DedicatedSystem/SharedSystem, Outputs:2, VendorId:0x10de
[2017.12.09-02.12.12:130][  0]LogD3D11RHI:    1. 'Microsoft Basic Render Driver' (Feature Level 11_0)
[2017.12.09-02.12.12:130][  0]LogD3D11RHI:       0/0/6139 MB DedicatedVideo/DedicatedSystem/SharedSystem, Outputs:0, VendorId:0x1414
[2017.12.09-02.12.12:130][  0]LogD3D11RHI: Chosen D3D11 Adapter: 0
[2017.12.09-02.12.12:136][  0]LogD3D11RHI: Creating new Direct3DDevice
[2017.12.09-02.12.12:136][  0]LogD3D11RHI:     GPU DeviceId: 0x1189 (for the marketing name, search the web for "GPU Device Id")
[2017.12.09-02.12.12:136][  0]LogWindows: EnumDisplayDevices:
[2017.12.09-02.12.12:136][  0]LogWindows:    0. 'NVIDIA GeForce GTX 670' (P:1 D:1)
[2017.12.09-02.12.12:136][  0]LogWindows:    1. 'NVIDIA GeForce GTX 670' (P:0 D:1)
[2017.12.09-02.12.12:136][  0]LogWindows:    2. 'NVIDIA GeForce GTX 670' (P:0 D:0)
[2017.12.09-02.12.12:137][  0]LogWindows:    3. 'NVIDIA GeForce GTX 670' (P:0 D:0)
[2017.12.09-02.12.12:137][  0]LogWindows: DebugString: GetVideoDriverDetailsInvalid PrimaryIsNotTheChoosenAdapter GetVideoDriverDetailsInvalid PrimaryIsNotTheChoosenAdapter GetVideoDriverDetailsInvalid PrimaryIsNotTheChoosenAdapter GetVideoDriverDetailsInvalid PrimaryIsNotTheChoosenAdapter FoundDriverCount:0 
[2017.12.09-02.12.12:137][  0]LogD3D11RHI:     Adapter Name: NVIDIA GeForce GTX 670
[2017.12.09-02.12.12:137][  0]LogD3D11RHI:   Driver Version: Unknown (internal:Unknown, unified:Unknown)
[2017.12.09-02.12.12:137][  0]LogD3D11RHI:      Driver Date: Unknown
[2017.12.09-02.12.12:137][  0]LogRHI: Texture pool is 1361 MB (70% of 1945 MB)
[2017.12.09-02.12.12:176][  0]LogD3D11RHI: Async texture creation enabled
[2017.12.09-02.12.12:258][  0]LogD3D11RHI: GPU Timing Frequency: 1000.000000 (Debug: 2 1)
[2017.12.09-02.12.12:315][  0]LogShaderCompilers: Guid format shader working directory is -6 characters bigger than the processId version (../../../../../../Users/Max/Desktop/Unreal/TopDown/Intermediate/Shaders/WorkingDirectory/5080/).
[2017.12.09-02.12.12:315][  0]LogShaderCompilers: Cleaned the shader compiler working directory 'C:/Users/Max/AppData/Local/Temp/UnrealShaderWorkingDir/8DDF96E7415F12CB669787A8503A075B/'.
[2017.12.09-02.12.12:316][  0]LogShaderCompilers:Display: Using Local Shader Compiler.
[2017.12.09-02.12.15:511][  0]LogTemp:Display: Loaded TP AllDesktopTargetPlatform
[2017.12.09-02.12.15:599][  0]LogTemp:Display: Loaded TP MacClientTargetPlatform
[2017.12.09-02.12.15:702][  0]LogTemp:Display: Loaded TP MacNoEditorTargetPlatform
[2017.12.09-02.12.15:803][  0]LogTemp:Display: Loaded TP MacServerTargetPlatform
[2017.12.09-02.12.15:932][  0]LogTemp:Display: Loaded TP MacTargetPlatform
[2017.12.09-02.12.16:019][  0]LogTemp:Display: Loaded TP WindowsClientTargetPlatform
[2017.12.09-02.12.16:107][  0]LogTemp:Display: Loaded TP WindowsNoEditorTargetPlatform
[2017.12.09-02.12.16:245][  0]LogTemp:Display: Loaded TP WindowsServerTargetPlatform
[2017.12.09-02.12.16:342][  0]LogTemp:Display: Loaded TP WindowsTargetPlatform
[2017.12.09-02.12.16:470][  0]LogTemp:Display: Loaded TP AndroidTargetPlatform
[2017.12.09-02.12.16:575][  0]LogTemp:Display: Loaded TP Android_ASTCTargetPlatform
[2017.12.09-02.12.16:659][  0]LogTemp:Display: Loaded TP Android_ATCTargetPlatform
[2017.12.09-02.12.16:770][  0]LogTemp:Display: Loaded TP Android_DXTTargetPlatform
[2017.12.09-02.12.16:866][  0]LogTemp:Display: Loaded TP Android_ETC1TargetPlatform
[2017.12.09-02.12.16:961][  0]LogTemp:Display: Loaded TP Android_ETC2TargetPlatform
[2017.12.09-02.12.17:127][  0]LogTemp:Display: Loaded TP Android_MultiTargetPlatform
[2017.12.09-02.12.17:128][  0]LogTemp:Display: Loaded TP Android_PVRTCTargetPlatform
[2017.12.09-02.12.17:195][  0]LogTemp:Display: Loaded TP HTML5TargetPlatform
[2017.12.09-02.12.17:359][  0]LogTemp:Display: Loaded TP IOSTargetPlatform
[2017.12.09-02.12.17:408][  0]LogTemp:Display: Loaded TP TVOSTargetPlatform
[2017.12.09-02.12.17:489][  0]LogTemp:Display: Loaded TP LinuxClientTargetPlatform
[2017.12.09-02.12.17:593][  0]LogTemp:Display: Loaded TP LinuxNoEditorTargetPlatform
[2017.12.09-02.12.17:709][  0]LogTemp:Display: Loaded TP LinuxServerTargetPlatform
[2017.12.09-02.12.17:811][  0]LogTemp:Display: Loaded TP LinuxTargetPlatform
[2017.12.09-02.12.17:811][  0]LogTargetPlatformManager:Display: Building Assets For Windows
[2017.12.09-02.12.18:908][  0]LogDerivedDataCache:Display: Max Cache Size: 512 MB
[2017.12.09-02.12.19:517][  0]LogDerivedDataCache: Loaded boot cache 0.61s 90MB C:/Users/Max/AppData/Local/UnrealEngine/4.16/DerivedDataCache/Boot.ddc.
[2017.12.09-02.12.19:517][  0]LogDerivedDataCache:Display: Loaded Boot cache: C:/Users/Max/AppData/Local/UnrealEngine/4.16/DerivedDataCache/Boot.ddc
[2017.12.09-02.12.19:517][  0]LogDerivedDataCache: FDerivedDataBackendGraph:  Pak pak cache file ../../../../../../Users/Max/Desktop/Unreal/TopDown/DerivedDataCache/DDC.ddp not found, will not use a pak cache.
[2017.12.09-02.12.19:517][  0]LogDerivedDataCache: Unable to find inner node Pak for hierarchical cache Hierarchy.
[2017.12.09-02.12.19:517][  0]LogDerivedDataCache: FDerivedDataBackendGraph:  CompressedPak pak cache file ../../../../../../Users/Max/Desktop/Unreal/TopDown/DerivedDataCache/Compressed.ddp not found, will not use a pak cache.
[2017.12.09-02.12.19:517][  0]LogDerivedDataCache: Unable to find inner node CompressedPak for hierarchical cache Hierarchy.
[2017.12.09-02.12.19:567][  0]LogDerivedDataCache:Display: Pak cache opened for reading ../../../Engine/DerivedDataCache/Compressed.ddp.
[2017.12.09-02.12.19:581][  0]LogDerivedDataCache: Using Local data cache path C:/Users/Max/AppData/Local/UnrealEngine/Common/DerivedDataCache: Writable
[2017.12.09-02.12.19:607][  0]LogMaterial: Verifying Global Shaders for PCD3D_SM5
[2017.12.09-02.12.19:611][  0]LogSlate: Using Freetype 2.6.0
[2017.12.09-02.12.19:647][  0]LogSlate: SlateFontCache - WITH_FREETYPE: 1, WITH_HARFBUZZ: 1
[2017.12.09-02.12.19:647][  0]LogSlate: SlateFontCache - WITH_FREETYPE: 1, WITH_HARFBUZZ: 1
[2017.12.09-02.12.20:715][  0]LogInit: Selected Device Profile: [Windows]
[2017.12.09-02.12.20:967][  0]LogContentStreaming: Texture pool size is 0.00 MB
[2017.12.09-02.12.21:293][  0]LogMeshUtilities: Using QuadricMeshReduction for automatic static mesh reduction
[2017.12.09-02.12.21:381][  0]LogSimplygon: Simplygon DLL not present - disabling.
[2017.12.09-02.12.21:472][  0]LogMeshUtilities: Using SimplygonSwarm for distributed automatic mesh merging
[2017.12.09-02.12.21:472][  0]LogMeshUtilities: No automatic skeletal mesh reduction module available
[2017.12.09-02.12.21:472][  0]LogMeshUtilities: No automatic mesh merging module available
[2017.12.09-02.12.23:267][  0]LogNetVersion: TopDown , NetCL: 3452394, EngineNetVer: 2, GameNetVer: 0 (Checksum: 2471222603)
[2017.12.09-02.12.23:393][  0]LogAssetRegistry: FAssetRegistry took 0.0296 seconds to start up
[2017.12.09-02.12.23:486][  0]LogPackageLocalizationCache: Processed 4 localized package path(s) for 2 prioritized culture(s) in 0.055343 seconds
[2017.12.09-02.12.23:494][  0]LogUObjectArray: 34194 objects as part of root set at end of initial load.
[2017.12.09-02.12.23:494][  0]LogUObjectAllocator: 7260424 out of 0 bytes used by permanent object pool.
[2017.12.09-02.12.23:494][  0]LogUObjectArray: CloseDisregardForGC: 0/0 objects in disregard for GC pool
[2017.12.09-02.12.23:606][  0]LogInit: WinSock: version 1.1 (2.2), MaxSocks=32767, MaxUdp=65467
[2017.12.09-02.12.30:278][  0]LogTcpMessaging: Initializing TcpMessaging bridge
[2017.12.09-02.12.30:354][  0]LogUdpMessaging: Initializing bridge on interface 0.0.0.0:0 to multicast group 230.0.0.1:6666.
[2017.12.09-02.12.31:281][  0]LogMaterial: Uniform references updated for custom material expression Custom.
[2017.12.09-02.12.31:959][  0]SourceControl: Info Source control is disabled
[2017.12.09-02.12.32:026][  0]SourceControl: Info Source control is disabled
[2017.12.09-02.12.32:117][  0]SourceControl: Info Source control is disabled
[2017.12.09-02.12.32:199][  0]SourceControl: Info Source control is disabled
[2017.12.09-02.12.33:582][  0]LogAndroidPermission: UAndroidPermissionCallbackProxy::GetInstance
[2017.12.09-02.12.34:879][  0]LogEngine: Initializing Engine...
[2017.12.09-02.12.34:882][  0]LogHMD: Failed to initialize OpenVR with code 110
[2017.12.09-02.12.35:169][  0]LogStats: UGameplayTagsManager::ConstructGameplayTagTree: Construct from data asset -  0.000 s
[2017.12.09-02.12.35:170][  0]LogStats: UGameplayTagsManager::ConstructGameplayTagTree: GameplayTagTreeChangedEvent.Broadcast -  0.000 s
[2017.12.09-02.12.35:422][  0]LogAIModule: Creating AISystem for world Untitled
[2017.12.09-02.12.35:493][  0]LogInit: XAudio2 using 'Headset Earphone (HyperX 7.1 Audio)' : 2 channels at 48 kHz using 16 bits per sample (channel mask 0x3)
[2017.12.09-02.12.35:523][  0]LogInit: FAudioDevice initialized.
[2017.12.09-02.12.35:580][  0]LogDerivedDataCache: Saved boot cache 0.06s 90MB C:/Users/Max/AppData/Local/UnrealEngine/4.16/DerivedDataCache/Boot.ddc.
[2017.12.09-02.12.35:601][  0]LogInit: Texture streaming: Enabled
[2017.12.09-02.12.35:783][  0]LogEngineSessionManager: EngineSessionManager initialized
[2017.12.09-02.12.35:783][  0]LogEngineSessionManager: EngineSessionManager sent abnormal shutdown report. Type=AbnormalShutdown, SessionId={CC70F040-4D37-3103-2B79-3E8184C53D43}
[2017.12.09-02.12.36:367][  0]LogInit: Transaction tracking system initialized
[2017.12.09-02.12.37:069][  0]BlueprintLog: New page: Editor Load
[2017.12.09-02.12.39:082][  0]LocalizationService: Info Localization service is disabled
[2017.12.09-02.12.40:401][  0]LogConsoleResponse:Display: 
[2017.12.09-02.12.40:697][  0]LogFileCache: Scanning file cache for directory 'C:/Users/Max/Desktop/Unreal/TopDown/Content/' took 0.02s
[2017.12.09-02.12.40:697][  0]LogCook:Display: Max memory allowance for cook 16384mb min free memory 0mb
[2017.12.09-02.12.40:697][  0]LogCook:Display: Mobile HDR setting 1
[2017.12.09-02.12.42:672][  0]SourceControl: Info Source control is disabled
[2017.12.09-02.12.42:675][  0]Cmd: MAP LOAD FILE="../../../../../../Users/Max/Desktop/Unreal/TopDown/Content/TopDownBP/Maps/TopDownExampleMap.umap" TEMPLATE=0 SHOWPROGRESS=1 FEATURELEVEL=3
[2017.12.09-02.12.42:678][  0]LightingResults: New page: Lighting Build
[2017.12.09-02.12.42:777][  0]MapCheck: New page: Map Check
[2017.12.09-02.12.42:777][  0]LightingResults: New page: Lighting Build
[2017.12.09-02.12.44:332][  0]LogAIModule: Creating AISystem for world TopDownExampleMap
[2017.12.09-02.12.44:530][  0]LogEditorServer: Finished looking for orphan Actors (0.000 secs)
[2017.12.09-02.12.44:578][  0]Cmd: MAP CHECKDEP NOCLEARLOG
[2017.12.09-02.12.44:694][  0]MapCheck: Info Map check complete: 0 Error(s), 0 Warning(s), took 115.707ms to complete.
[2017.12.09-02.12.44:694][  0]LogFileHelpers: Loading map 'TopDownExampleMap' took 2.020
[2017.12.09-02.12.45:165][  0]LogCollectionManager: Loaded 0 collections in 0.002330 seconds
[2017.12.09-02.12.45:306][  0]LogFileCache: Scanning file cache for directory 'C:/Users/Max/Desktop/Unreal/TopDown/Saved/Collections/' took 0.01s
[2017.12.09-02.12.45:306][  0]LogFileCache: Scanning file cache for directory 'C:/Users/Max/Desktop/Unreal/TopDown/Content/Developers/Max/Collections/' took 0.01s
[2017.12.09-02.12.45:306][  0]LogFileCache: Scanning file cache for directory 'C:/Users/Max/Desktop/Unreal/TopDown/Content/Collections/' took 0.01s
[2017.12.09-02.12.45:306][  0]LogCollectionManager: Rebuilt the GUID cache for 0 collections in 0.000003 seconds
[2017.12.09-02.12.45:327][  0]LogContentBrowser: Native class hierarchy populated in 0.0194 seconds. Added 2329 classes and 491 folders.
[2017.12.09-02.12.45:451][  0]LogContentBrowser: Native class hierarchy updated for 'WidgetCarousel' in 0.0008 seconds. Added 0 classes and 0 folders.
[2017.12.09-02.12.46:023][  0]LogContentBrowser: Native class hierarchy updated for 'AddContentDialog' in 0.0011 seconds. Added 0 classes and 0 folders.
[2017.12.09-02.12.46:118][  0]LogContentBrowser: Native class hierarchy updated for 'SceneOutliner' in 0.0012 seconds. Added 1 classes and 2 folders.
[2017.12.09-02.12.46:179][  0]LogCrashTracker: Crashtracker disabled due to settings.
[2017.12.09-02.12.46:213][  0]LogSlate: Took 0.008236 seconds to synchronously load lazily loaded font '../../../Engine/Content/Slate/Fonts/Roboto-Regular.ttf' (155K)
[2017.12.09-02.12.46:225][  0]LogSlate: Took 0.007002 seconds to synchronously load lazily loaded font '../../../Engine/Content/Slate/Fonts/Roboto-Bold.ttf' (160K)
[2017.12.09-02.12.46:247][  0]LogSlate: Took 0.007468 seconds to synchronously load lazily loaded font '../../../Engine/Content/Editor/Slate/Fonts/FontAwesome.ttf' (139K)
[2017.12.09-02.12.46:480][  0]LogRenderer: Reallocating scene render targets to support 1208x652 NumSamples 1 (Frame:1).
[2017.12.09-02.12.46:774][  0]LogUObjectGlobals:Warning: Failed to find object 'Class None.'
[2017.12.09-02.12.46:889][  0]LogContentBrowser: Native class hierarchy updated for 'HierarchicalLODOutliner' in 0.0011 seconds. Added 1 classes and 2 folders.
[2017.12.09-02.12.46:890][  0]LogLoad: (Engine Initialization) Total time: 44.03 seconds
[2017.12.09-02.12.46:890][  0]LogLoad: (Engine Initialization) Total Blueprint compile time: 0.51 seconds
[2017.12.09-02.12.46:890][  0]LogExternalProfiler: No external profilers were discovered.  External profiling features will not be available.
[2017.12.09-02.12.47:233][  0]LogOcInput: OculusInput pre-init called
[2017.12.09-02.12.47:233][  0]LogHMD: Starting GearVRController plugin
[2017.12.09-02.12.47:273][  0]LogContentStreaming: Texture pool size now 1000 MB
[2017.12.09-02.12.47:365][  0]LogSlate: Took 0.006838 seconds to synchronously load lazily loaded font '../../../Engine/Content/Slate/Fonts/Roboto-Light.ttf' (159K)
[2017.12.09-02.12.47:579][  1]LogAssetRegistry: Asset discovery search completed in 24.2082 seconds
[2017.12.09-02.12.47:582][  1]LogCollectionManager: Rebuilt the object cache for 0 collections in 0.000001 seconds (found 0 objects)
[2017.12.09-02.12.47:582][  1]LogCollectionManager: Fixed up redirectors for 0 collections in 0.000052 seconds (updated 0 objects)
[2017.12.09-02.12.56:895][ 29]LogTemp: Repeting last play command: Selected Viewport
[2017.12.09-02.12.56:952][ 29]LogBlueprintUserMessages: Early PlayInEditor Detection: Level '/Game/TopDownBP/Maps/TopDownExampleMap.TopDownExampleMap:PersistentLevel' has LevelScriptBlueprint '/Game/TopDownBP/Maps/TopDownExampleMap.TopDownExampleMap:PersistentLevel.TopDownExampleMap' with GeneratedClass '/Game/TopDownBP/Maps/TopDownExampleMap.TopDownExampleMap_C' with ClassGeneratedBy '/Game/TopDownBP/Maps/TopDownExampleMap.TopDownExampleMap:PersistentLevel.TopDownExampleMap'
[2017.12.09-02.12.56:952][ 29]LogPlayLevel: PlayLevel: No blueprints needed recompiling
[2017.12.09-02.12.56:956][ 29]PIE: New page: PIE session: TopDownExampleMap (Dec 8, 2017, 4:12:56 PM)
[2017.12.09-02.12.56:956][ 29]LogPlayLevel: Creating play world package: /Game/TopDownBP/Maps/UEDPIE_0_TopDownExampleMap
[2017.12.09-02.12.57:000][ 29]LogPlayLevel: PIE: StaticDuplicateObject took: (0.044274s)
[2017.12.09-02.12.57:002][ 29]LogAIModule: Creating AISystem for world TopDownExampleMap
[2017.12.09-02.12.57:002][ 29]LogPlayLevel: PIE: World Init took: (0.001405s)
[2017.12.09-02.12.57:003][ 29]LogPlayLevel: PIE: Created PIE world by copying editor world from /Game/TopDownBP/Maps/TopDownExampleMap.TopDownExampleMap to /Game/TopDownBP/Maps/UEDPIE_0_TopDownExampleMap.TopDownExampleMap (0.047157s)
[2017.12.09-02.12.57:032][ 29]LogInit: XAudio2 using 'Headset Earphone (HyperX 7.1 Audio)' : 2 channels at 48 kHz using 16 bits per sample (channel mask 0x3)
[2017.12.09-02.12.57:041][ 29]LogInit: FAudioDevice initialized.
[2017.12.09-02.12.57:115][ 29]LogLoad: Game class is 'TopDownGameMode_C'
[2017.12.09-02.12.57:139][ 29]LogWorld: Bringing World /Game/TopDownBP/Maps/UEDPIE_0_TopDownExampleMap.TopDownExampleMap up for play (max tick rate 0) at 2017.12.08-21.12.57
[2017.12.09-02.12.57:187][ 29]LogWorld: Bringing up level for play took: 0.053086
[2017.12.09-02.12.57:293][ 29]LogContentBrowser: Native class hierarchy updated for 'MovieSceneCapture' in 0.0009 seconds. Added 11 classes and 0 folders.
[2017.12.09-02.12.57:336][ 29]PIE: Info Play in editor start time for /Game/TopDownBP/Maps/UEDPIE_0_TopDownExampleMap 0.474
[2017.12.09-02.12.57:337][ 29]LogBlueprintUserMessages: Late PlayInEditor Detection: Level '/Game/TopDownBP/Maps/TopDownExampleMap.TopDownExampleMap:PersistentLevel' has LevelScriptBlueprint '/Game/TopDownBP/Maps/TopDownExampleMap.TopDownExampleMap:PersistentLevel.TopDownExampleMap' with GeneratedClass '/Game/TopDownBP/Maps/TopDownExampleMap.TopDownExampleMap_C' with ClassGeneratedBy '/Game/TopDownBP/Maps/TopDownExampleMap.TopDownExampleMap:PersistentLevel.TopDownExampleMap'
[2017.12.09-02.13.37:315][800]LogSpawn:Warning: SpawnActor failed because of collision at the spawn location [X=-1412.000 Y=-1840.000 Z=255.412] for [BP_Neutral_C]
[2017.12.09-02.13.47:327][384]LogSpawn:Warning: SpawnActor failed because of collision at the spawn location [X=618.000 Y=1370.000 Z=255.466] for [BP_Neutral_C]
[2017.12.09-02.13.47:329][384]LogSpawn:Warning: SpawnActor failed because of collision at the spawn location [X=618.000 Y=1770.000 Z=255.466] for [BP_Neutral_C]
[2017.12.09-02.13.47:330][384]LogSpawn:Warning: SpawnActor failed because of collision at the spawn location [X=828.000 Y=1590.000 Z=255.472] for [BP_Neutral_C]
[2017.12.09-02.13.47:331][384]LogSpawn:Warning: SpawnActor failed because of collision at the spawn location [X=-1412.000 Y=-1840.000 Z=255.412] for [BP_Neutral_C]
[2017.12.09-02.13.47:333][384]LogSpawn:Warning: SpawnActor failed because of collision at the spawn location [X=-1412.000 Y=-1440.000 Z=255.412] for [BP_Neutral_C]
[2017.12.09-02.13.47:334][384]LogSpawn:Warning: SpawnActor failed because of collision at the spawn location [X=-1202.000 Y=-1620.000 Z=255.417] for [BP_Neutral_C]
[2017.12.09-02.13.57:304][952]LogSpawn:Warning: SpawnActor failed because of collision at the spawn location [X=618.000 Y=1370.000 Z=255.466] for [BP_Neutral_C]
[2017.12.09-02.13.57:306][952]LogSpawn:Warning: SpawnActor failed because of collision at the spawn location [X=618.000 Y=1770.000 Z=255.466] for [BP_Neutral_C]
[2017.12.09-02.13.57:307][952]LogSpawn:Warning: SpawnActor failed because of collision at the spawn location [X=828.000 Y=1590.000 Z=255.472] for [BP_Neutral_C]
[2017.12.09-02.13.57:308][952]LogSpawn:Warning: SpawnActor failed because of collision at the spawn location [X=-1412.000 Y=-1840.000 Z=255.412] for [BP_Neutral_C]
[2017.12.09-02.13.57:309][952]LogSpawn:Warning: SpawnActor failed because of collision at the spawn location [X=-1412.000 Y=-1440.000 Z=255.412] for [BP_Neutral_C]
[2017.12.09-02.13.57:310][952]LogSpawn:Warning: SpawnActor failed because of collision at the spawn location [X=-1202.000 Y=-1620.000 Z=255.417] for [BP_Neutral_C]
[2017.12.09-02.14.07:318][476]LogSpawn:Warning: SpawnActor failed because of collision at the spawn location [X=793.538 Y=-1609.084 Z=255.472] for [BP_Minion_Enemy_C]
[2017.12.09-02.14.07:325][476]LogSpawn:Warning: SpawnActor failed because of collision at the spawn location [X=618.000 Y=1370.000 Z=255.466] for [BP_Neutral_C]
[2017.12.09-02.14.07:326][476]LogSpawn:Warning: SpawnActor failed because of collision at the spawn location [X=618.000 Y=1770.000 Z=255.466] for [BP_Neutral_C]
[2017.12.09-02.14.07:327][476]LogSpawn:Warning: SpawnActor failed because of collision at the spawn location [X=828.000 Y=1590.000 Z=255.472] for [BP_Neutral_C]
[2017.12.09-02.14.07:329][476]LogSpawn:Warning: SpawnActor failed because of collision at the spawn location [X=-1412.000 Y=-1840.000 Z=255.412] for [BP_Neutral_C]
[2017.12.09-02.14.07:330][476]LogSpawn:Warning: SpawnActor failed because of collision at the spawn location [X=-1412.000 Y=-1440.000 Z=255.412] for [BP_Neutral_C]
[2017.12.09-02.14.07:331][476]LogSpawn:Warning: SpawnActor failed because of collision at the spawn location [X=-1202.000 Y=-1620.000 Z=255.417] for [BP_Neutral_C]
[2017.12.09-02.14.17:323][978]LogSpawn:Warning: SpawnActor failed because of collision at the spawn location [X=618.000 Y=1370.000 Z=255.466] for [BP_Neutral_C]
[2017.12.09-02.14.17:325][978]LogSpawn:Warning: SpawnActor failed because of collision at the spawn location [X=618.000 Y=1770.000 Z=255.466] for [BP_Neutral_C]
[2017.12.09-02.14.17:326][978]LogSpawn:Warning: SpawnActor failed because of collision at the spawn location [X=828.000 Y=1590.000 Z=255.472] for [BP_Neutral_C]
[2017.12.09-02.14.17:327][978]LogSpawn:Warning: SpawnActor failed because of collision at the spawn location [X=-1412.000 Y=-1840.000 Z=255.412] for [BP_Neutral_C]
[2017.12.09-02.14.17:329][978]LogSpawn:Warning: SpawnActor failed because of collision at the spawn location [X=-1412.000 Y=-1440.000 Z=255.412] for [BP_Neutral_C]
[2017.12.09-02.14.17:330][978]LogSpawn:Warning: SpawnActor failed because of collision at the spawn location [X=-1202.000 Y=-1620.000 Z=255.417] for [BP_Neutral_C]
[2017.12.09-02.14.17:340][978]LogSpawn:Warning: SpawnActor failed because of collision at the spawn location [X=793.538 Y=-1609.084 Z=255.472] for [BP_Minion_Enemy_C]
[2017.12.09-02.14.23:839][302]LogBlueprintUserMessages: Early EndPlayMap Detection: Level '/Game/TopDownBP/Maps/TopDownExampleMap.TopDownExampleMap:PersistentLevel' has LevelScriptBlueprint '/Game/TopDownBP/Maps/TopDownExampleMap.TopDownExampleMap:PersistentLevel.TopDownExampleMap' with GeneratedClass '/Game/TopDownBP/Maps/TopDownExampleMap.TopDownExampleMap_C' with ClassGeneratedBy '/Game/TopDownBP/Maps/TopDownExampleMap.TopDownExampleMap:PersistentLevel.TopDownExampleMap'
[2017.12.09-02.14.23:909][302]LogBlueprintUserMessages: Late EndPlayMap Detection: Level '/Game/TopDownBP/Maps/TopDownExampleMap.TopDownExampleMap:PersistentLevel' has LevelScriptBlueprint '/Game/TopDownBP/Maps/TopDownExampleMap.TopDownExampleMap:PersistentLevel.TopDownExampleMap' with GeneratedClass '/Game/TopDownBP/Maps/TopDownExampleMap.TopDownExampleMap_C' with ClassGeneratedBy '/Game/TopDownBP/Maps/TopDownExampleMap.TopDownExampleMap:PersistentLevel.TopDownExampleMap'
[2017.12.09-02.14.25:768][462]LogTemp: Repeting last play command: Selected Viewport
[2017.12.09-02.14.25:783][462]LogBlueprintUserMessages: Early PlayInEditor Detection: Level '/Game/TopDownBP/Maps/TopDownExampleMap.TopDownExampleMap:PersistentLevel' has LevelScriptBlueprint '/Game/TopDownBP/Maps/TopDownExampleMap.TopDownExampleMap:PersistentLevel.TopDownExampleMap' with GeneratedClass '/Game/TopDownBP/Maps/TopDownExampleMap.TopDownExampleMap_C' with ClassGeneratedBy '/Game/TopDownBP/Maps/TopDownExampleMap.TopDownExampleMap:PersistentLevel.TopDownExampleMap'
[2017.12.09-02.14.25:783][462]LogPlayLevel: PlayLevel: No blueprints needed recompiling
[2017.12.09-02.14.25:783][462]PIE: New page: PIE session: TopDownExampleMap (Dec 8, 2017, 4:14:25 PM)
[2017.12.09-02.14.25:783][462]LogPlayLevel: Creating play world package: /Game/TopDownBP/Maps/UEDPIE_0_TopDownExampleMap
[2017.12.09-02.14.25:811][462]LogPlayLevel: PIE: StaticDuplicateObject took: (0.028245s)
[2017.12.09-02.14.25:812][462]LogAIModule: Creating AISystem for world TopDownExampleMap
[2017.12.09-02.14.25:813][462]LogPlayLevel: PIE: World Init took: (0.001186s)
[2017.12.09-02.14.25:813][462]LogPlayLevel: PIE: Created PIE world by copying editor world from /Game/TopDownBP/Maps/TopDownExampleMap.TopDownExampleMap to /Game/TopDownBP/Maps/UEDPIE_0_TopDownExampleMap.TopDownExampleMap (0.029753s)
[2017.12.09-02.14.25:841][462]LogInit: XAudio2 using 'Headset Earphone (HyperX 7.1 Audio)' : 2 channels at 48 kHz using 16 bits per sample (channel mask 0x3)
[2017.12.09-02.14.25:849][462]LogInit: FAudioDevice initialized.
[2017.12.09-02.14.25:889][462]LogLoad: Game class is 'TopDownGameMode_C'
[2017.12.09-02.14.25:898][462]LogWorld: Bringing World /Game/TopDownBP/Maps/UEDPIE_0_TopDownExampleMap.TopDownExampleMap up for play (max tick rate 0) at 2017.12.08-21.14.25
[2017.12.09-02.14.25:899][462]LogWorld: Bringing up level for play took: 0.007634
[2017.12.09-02.14.25:933][462]PIE: Info Play in editor start time for /Game/TopDownBP/Maps/UEDPIE_0_TopDownExampleMap 1.07
[2017.12.09-02.14.25:933][462]LogBlueprintUserMessages: Late PlayInEditor Detection: Level '/Game/TopDownBP/Maps/TopDownExampleMap.TopDownExampleMap:PersistentLevel' has LevelScriptBlueprint '/Game/TopDownBP/Maps/TopDownExampleMap.TopDownExampleMap:PersistentLevel.TopDownExampleMap' with GeneratedClass '/Game/TopDownBP/Maps/TopDownExampleMap.TopDownExampleMap_C' with ClassGeneratedBy '/Game/TopDownBP/Maps/TopDownExampleMap.TopDownExampleMap:PersistentLevel.TopDownExampleMap'
[2017.12.09-02.14.34:028][117]LogBlueprintUserMessages: Early EndPlayMap Detection: Level '/Game/TopDownBP/Maps/TopDownExampleMap.TopDownExampleMap:PersistentLevel' has LevelScriptBlueprint '/Game/TopDownBP/Maps/TopDownExampleMap.TopDownExampleMap:PersistentLevel.TopDownExampleMap' with GeneratedClass '/Game/TopDownBP/Maps/TopDownExampleMap.TopDownExampleMap_C' with ClassGeneratedBy '/Game/TopDownBP/Maps/TopDownExampleMap.TopDownExampleMap:PersistentLevel.TopDownExampleMap'
[2017.12.09-02.14.34:062][117]LogBlueprintUserMessages: Late EndPlayMap Detection: Level '/Game/TopDownBP/Maps/TopDownExampleMap.TopDownExampleMap:PersistentLevel' has LevelScriptBlueprint '/Game/TopDownBP/Maps/TopDownExampleMap.TopDownExampleMap:PersistentLevel.TopDownExampleMap' with GeneratedClass '/Game/TopDownBP/Maps/TopDownExampleMap.TopDownExampleMap_C' with ClassGeneratedBy '/Game/TopDownBP/Maps/TopDownExampleMap.TopDownExampleMap:PersistentLevel.TopDownExampleMap'
