Log file open, 12/03/17 18:20:59
LogInit:Display: Running engine for game: TopDown
LogPlatformFile: Not using cached read wrapper
LogInit:Display: RandInit(591559029) SRandInit(591559029).
LogTaskGraph: Started task graph with 5 named threads and 8 total threads with 1 sets of task threads.
LogStats: Stats thread started at 0.607016
LogInit: Using libcurl 7.47.1
LogInit:  - built for x86_64-pc-win32
LogInit:  - supports SSL with OpenSSL/1.0.2g
LogInit:  - supports HTTP deflate (compression) using libz 1.2.8
LogInit:  - other features:
LogInit:      CURL_VERSION_SSL
LogInit:      CURL_VERSION_LIBZ
LogInit:      CURL_VERSION_IPV6
LogInit:      CURL_VERSION_ASYNCHDNS
LogInit:      CURL_VERSION_LARGEFILE
LogInit:      CURL_VERSION_IDN
LogInit:  CurlRequestOptions (configurable via config and command line):
LogInit:  - bVerifyPeer = false  - Libcurl will NOT verify peer certificate
LogInit:  - bUseHttpProxy = false  - Libcurl will NOT use HTTP proxy
LogInit:  - bDontReuseConnections = false  - Libcurl will reuse connections
LogInit:  - CertBundlePath = nullptr  - Libcurl will use whatever was configured at build time.
LogInit: Build: ++UE4+Release-4.16-CL-3514769
LogInit: Engine Version: 4.16.2-3514769+++UE4+Release-4.16
LogInit: Compatible Engine Version: 4.16.0-3452394+++UE4+Release-4.16
LogInit: Net CL: 3452394
LogDevObjectVersion: Number of dev versions registered: 16
LogDevObjectVersion:   Dev-Blueprints (B0D832E4-1F89-4F0D-ACCF-7EB736FD4AA2): 9
LogDevObjectVersion:   Dev-Build (E1C64328-A22C-4D53-A36C-8E866417BD8C): 0
LogDevObjectVersion:   Dev-Core (375EC13C-06E4-48FB-B500-84F0262A717E): 2
LogDevObjectVersion:   Dev-Editor (E4B068ED-F494-42E9-A231-DA0B2E46BB41): 17
LogDevObjectVersion:   Dev-Framework (CFFC743F-43B0-4480-9391-14DF171D2073): 23
LogDevObjectVersion:   Dev-Mobile (B02B49B5-BB20-44E9-A304-32B752E40360): 0
LogDevObjectVersion:   Dev-Networking (A4E4105C-59A1-49B5-A7C5-40C4547EDFEE): 0
LogDevObjectVersion:   Dev-Online (39C831C9-5AE6-47DC-9A44-9C173E1C8E7C): 0
LogDevObjectVersion:   Dev-Physics (78F01B33-EBEA-4F98-B9B4-84EACCB95AA2): 0
LogDevObjectVersion:   Dev-Platform (6631380F-2D4D-43E0-8009-CF276956A95A): 0
LogDevObjectVersion:   Dev-Rendering (12F88B9F-8875-4AFC-A67C-D90C383ABD29): 15
LogDevObjectVersion:   Dev-Sequencer (7B5AE74C-D270-4C10-A958-57980B212A5A): 4
LogDevObjectVersion:   Dev-VR (D7296918-1DD6-4BDD-9DE2-64A83CC13884): 0
LogDevObjectVersion:   Dev-LoadTimes (C2A15278-BFE7-4AFE-6C17-90FF531DF755): 1
LogDevObjectVersion:   Private-Geometry (6EACA3D4-40EC-4CC1-B786-8BED09428FC5): 1
LogDevObjectVersion:   Dev-AnimPhys (29E575DD-E0A3-4627-9D10-D276232CDCEA): 3
LogInit: Compiled (64-bit): Jun 29 2017 02:03:24
LogInit: Compiled with Visual C++: 19.00.24215.01
LogInit: Build Configuration: Development
LogInit: Branch Name: ++UE4+Release-4.16
LogInit: Command line:  
LogInit: Base directory: C:/Program Files/Epic Games/UE_4.16/Engine/Binaries/Win64/
LogInit: Installed Engine Build: 1
LogInit: Presizing for max 8388607 objects, including 0 objects not considered by GC, pre-allocating 0 bytes for permanent pool.
LogInit: Object subsystem initialized
[2017.12.03-23.21.00:421][  0]LogInit: Selected Device Profile: [Windows]
[2017.12.03-23.21.00:421][  0]LogInit: Applying CVar settings loaded from the selected device profile: [Windows]
[2017.12.03-23.21.00:475][  0]LogInit: Computer: DESKTOP-9I2E2DC
[2017.12.03-23.21.00:475][  0]LogInit: User: Max
[2017.12.03-23.21.00:475][  0]LogInit: CPU Page size=4096, Cores=4
[2017.12.03-23.21.00:475][  0]LogInit: High frequency timer resolution =2.610086 MHz
[2017.12.03-23.21.00:476][  0]LogMemory: Memory total: Physical=12.0GB (12GB approx)
[2017.12.03-23.21.00:476][  0]LogMemory: Platform Memory Stats for Windows
[2017.12.03-23.21.00:476][  0]LogMemory: Process Physical Memory: 272.94 MB used, 272.94 MB peak
[2017.12.03-23.21.00:476][  0]LogMemory: Process Virtual Memory: 260.76 MB used, 260.76 MB peak
[2017.12.03-23.21.00:476][  0]LogMemory: Physical Memory: 6930.46 MB used,  5348.62 MB free, 12279.08 MB total
[2017.12.03-23.21.00:476][  0]LogMemory: Virtual Memory: 638.19 MB used,  5348.62 MB free, 134217728.00 MB total
[2017.12.03-23.21.00:915][  0]LogInit: Using OS detected language (en-US).
[2017.12.03-23.21.00:915][  0]LogInit: Using OS detected locale (en-US).
[2017.12.03-23.21.01:013][  0]LogTextLocalizationManager: No specific localization for 'en-US' exists, so the 'en' localization will be used.
[2017.12.03-23.21.06:031][  0]LogD3D11RHI: D3D11 adapters:
[2017.12.03-23.21.06:108][  0]LogD3D11RHI:    0. 'NVIDIA GeForce GTX 670' (Feature Level 11_0)
[2017.12.03-23.21.06:108][  0]LogD3D11RHI:       2017/0/6139 MB DedicatedVideo/DedicatedSystem/SharedSystem, Outputs:2, VendorId:0x10de
[2017.12.03-23.21.06:110][  0]LogD3D11RHI:    1. 'Microsoft Basic Render Driver' (Feature Level 11_0)
[2017.12.03-23.21.06:110][  0]LogD3D11RHI:       0/0/6139 MB DedicatedVideo/DedicatedSystem/SharedSystem, Outputs:0, VendorId:0x1414
[2017.12.03-23.21.06:110][  0]LogD3D11RHI: Chosen D3D11 Adapter: 0
[2017.12.03-23.21.06:119][  0]LogD3D11RHI: Creating new Direct3DDevice
[2017.12.03-23.21.06:120][  0]LogD3D11RHI:     GPU DeviceId: 0x1189 (for the marketing name, search the web for "GPU Device Id")
[2017.12.03-23.21.06:120][  0]LogWindows: EnumDisplayDevices:
[2017.12.03-23.21.06:120][  0]LogWindows:    0. 'NVIDIA GeForce GTX 670' (P:1 D:1)
[2017.12.03-23.21.06:120][  0]LogWindows:    1. 'NVIDIA GeForce GTX 670' (P:0 D:1)
[2017.12.03-23.21.06:120][  0]LogWindows:    2. 'NVIDIA GeForce GTX 670' (P:0 D:0)
[2017.12.03-23.21.06:121][  0]LogWindows:    3. 'NVIDIA GeForce GTX 670' (P:0 D:0)
[2017.12.03-23.21.06:121][  0]LogWindows: DebugString: FoundDriverCount:4 
[2017.12.03-23.21.06:121][  0]LogD3D11RHI:     Adapter Name: NVIDIA GeForce GTX 670
[2017.12.03-23.21.06:121][  0]LogD3D11RHI:   Driver Version: 388.13 (internal:23.21.13.8813, unified:388.13)
[2017.12.03-23.21.06:121][  0]LogD3D11RHI:      Driver Date: 10-27-2017
[2017.12.03-23.21.06:121][  0]LogRHI: Texture pool is 1361 MB (70% of 1945 MB)
[2017.12.03-23.21.06:167][  0]LogD3D11RHI: Async texture creation enabled
[2017.12.03-23.21.06:253][  0]LogD3D11RHI: GPU Timing Frequency: 1000.000000 (Debug: 2 2)
[2017.12.03-23.21.06:310][  0]LogShaderCompilers: Guid format shader working directory is -6 characters bigger than the processId version (../../../../../../Users/Max/Desktop/Unreal/TopDown/Intermediate/Shaders/WorkingDirectory/8060/).
[2017.12.03-23.21.06:310][  0]LogShaderCompilers: Cleaned the shader compiler working directory 'C:/Users/Max/AppData/Local/Temp/UnrealShaderWorkingDir/CED635794BAB050D734942B1F3EE4293/'.
[2017.12.03-23.21.06:311][  0]LogShaderCompilers:Display: Using Local Shader Compiler.
[2017.12.03-23.21.09:974][  0]LogTemp:Display: Loaded TP AllDesktopTargetPlatform
[2017.12.03-23.21.10:067][  0]LogTemp:Display: Loaded TP MacClientTargetPlatform
[2017.12.03-23.21.10:160][  0]LogTemp:Display: Loaded TP MacNoEditorTargetPlatform
[2017.12.03-23.21.10:252][  0]LogTemp:Display: Loaded TP MacServerTargetPlatform
[2017.12.03-23.21.10:348][  0]LogTemp:Display: Loaded TP MacTargetPlatform
[2017.12.03-23.21.10:442][  0]LogTemp:Display: Loaded TP WindowsClientTargetPlatform
[2017.12.03-23.21.10:529][  0]LogTemp:Display: Loaded TP WindowsNoEditorTargetPlatform
[2017.12.03-23.21.10:622][  0]LogTemp:Display: Loaded TP WindowsServerTargetPlatform
[2017.12.03-23.21.10:708][  0]LogTemp:Display: Loaded TP WindowsTargetPlatform
[2017.12.03-23.21.10:802][  0]LogTemp:Display: Loaded TP AndroidTargetPlatform
[2017.12.03-23.21.10:895][  0]LogTemp:Display: Loaded TP Android_ASTCTargetPlatform
[2017.12.03-23.21.10:988][  0]LogTemp:Display: Loaded TP Android_ATCTargetPlatform
[2017.12.03-23.21.11:092][  0]LogTemp:Display: Loaded TP Android_DXTTargetPlatform
[2017.12.03-23.21.11:187][  0]LogTemp:Display: Loaded TP Android_ETC1TargetPlatform
[2017.12.03-23.21.11:278][  0]LogTemp:Display: Loaded TP Android_ETC2TargetPlatform
[2017.12.03-23.21.11:461][  0]LogTemp:Display: Loaded TP Android_MultiTargetPlatform
[2017.12.03-23.21.11:461][  0]LogTemp:Display: Loaded TP Android_PVRTCTargetPlatform
[2017.12.03-23.21.11:535][  0]LogTemp:Display: Loaded TP HTML5TargetPlatform
[2017.12.03-23.21.11:709][  0]LogTemp:Display: Loaded TP IOSTargetPlatform
[2017.12.03-23.21.11:769][  0]LogTemp:Display: Loaded TP TVOSTargetPlatform
[2017.12.03-23.21.11:865][  0]LogTemp:Display: Loaded TP LinuxClientTargetPlatform
[2017.12.03-23.21.11:957][  0]LogTemp:Display: Loaded TP LinuxNoEditorTargetPlatform
[2017.12.03-23.21.12:047][  0]LogTemp:Display: Loaded TP LinuxServerTargetPlatform
[2017.12.03-23.21.12:145][  0]LogTemp:Display: Loaded TP LinuxTargetPlatform
[2017.12.03-23.21.12:145][  0]LogTargetPlatformManager:Display: Building Assets For Windows
[2017.12.03-23.21.13:234][  0]LogDerivedDataCache:Display: Max Cache Size: 512 MB
[2017.12.03-23.21.13:801][  0]LogDerivedDataCache: Loaded boot cache 0.57s 90MB C:/Users/Max/AppData/Local/UnrealEngine/4.16/DerivedDataCache/Boot.ddc.
[2017.12.03-23.21.13:801][  0]LogDerivedDataCache:Display: Loaded Boot cache: C:/Users/Max/AppData/Local/UnrealEngine/4.16/DerivedDataCache/Boot.ddc
[2017.12.03-23.21.13:801][  0]LogDerivedDataCache: FDerivedDataBackendGraph:  Pak pak cache file ../../../../../../Users/Max/Desktop/Unreal/TopDown/DerivedDataCache/DDC.ddp not found, will not use a pak cache.
[2017.12.03-23.21.13:801][  0]LogDerivedDataCache: Unable to find inner node Pak for hierarchical cache Hierarchy.
[2017.12.03-23.21.13:801][  0]LogDerivedDataCache: FDerivedDataBackendGraph:  CompressedPak pak cache file ../../../../../../Users/Max/Desktop/Unreal/TopDown/DerivedDataCache/Compressed.ddp not found, will not use a pak cache.
[2017.12.03-23.21.13:801][  0]LogDerivedDataCache: Unable to find inner node CompressedPak for hierarchical cache Hierarchy.
[2017.12.03-23.21.13:842][  0]LogDerivedDataCache:Display: Pak cache opened for reading ../../../Engine/DerivedDataCache/Compressed.ddp.
[2017.12.03-23.21.13:854][  0]LogDerivedDataCache: Using Local data cache path C:/Users/Max/AppData/Local/UnrealEngine/Common/DerivedDataCache: Writable
[2017.12.03-23.21.13:876][  0]LogMaterial: Verifying Global Shaders for PCD3D_SM5
[2017.12.03-23.21.13:881][  0]LogSlate: Using Freetype 2.6.0
[2017.12.03-23.21.13:907][  0]LogSlate: SlateFontCache - WITH_FREETYPE: 1, WITH_HARFBUZZ: 1
[2017.12.03-23.21.13:907][  0]LogSlate: SlateFontCache - WITH_FREETYPE: 1, WITH_HARFBUZZ: 1
[2017.12.03-23.21.15:079][  0]LogInit: Selected Device Profile: [Windows]
[2017.12.03-23.21.15:406][  0]LogContentStreaming: Texture pool size is 0.00 MB
[2017.12.03-23.21.15:830][  0]LogMeshUtilities: Using QuadricMeshReduction for automatic static mesh reduction
[2017.12.03-23.21.15:924][  0]LogSimplygon: Simplygon DLL not present - disabling.
[2017.12.03-23.21.16:011][  0]LogMeshUtilities: Using SimplygonSwarm for distributed automatic mesh merging
[2017.12.03-23.21.16:011][  0]LogMeshUtilities: No automatic skeletal mesh reduction module available
[2017.12.03-23.21.16:011][  0]LogMeshUtilities: No automatic mesh merging module available
[2017.12.03-23.21.18:081][  0]LogNetVersion: TopDown , NetCL: 3452394, EngineNetVer: 2, GameNetVer: 0 (Checksum: 2471222603)
[2017.12.03-23.21.18:222][  0]LogAssetRegistry: FAssetRegistry took 0.0307 seconds to start up
[2017.12.03-23.21.18:344][  0]LogPackageLocalizationCache: Processed 4 localized package path(s) for 2 prioritized culture(s) in 0.073393 seconds
[2017.12.03-23.21.18:352][  0]LogUObjectArray: 34194 objects as part of root set at end of initial load.
[2017.12.03-23.21.18:352][  0]LogUObjectAllocator: 7260416 out of 0 bytes used by permanent object pool.
[2017.12.03-23.21.18:352][  0]LogUObjectArray: CloseDisregardForGC: 0/0 objects in disregard for GC pool
[2017.12.03-23.21.18:482][  0]LogInit: WinSock: version 1.1 (2.2), MaxSocks=32767, MaxUdp=65467
[2017.12.03-23.21.26:489][  0]LogTcpMessaging: Initializing TcpMessaging bridge
[2017.12.03-23.21.26:556][  0]LogUdpMessaging: Initializing bridge on interface 0.0.0.0:0 to multicast group 230.0.0.1:6666.
[2017.12.03-23.21.27:675][  0]LogMaterial: Uniform references updated for custom material expression Custom.
[2017.12.03-23.21.28:588][  0]SourceControl: Info Source control is disabled
[2017.12.03-23.21.28:711][  0]SourceControl: Info Source control is disabled
[2017.12.03-23.21.28:817][  0]SourceControl: Info Source control is disabled
[2017.12.03-23.21.28:902][  0]SourceControl: Info Source control is disabled
[2017.12.03-23.21.30:319][  0]LogAndroidPermission: UAndroidPermissionCallbackProxy::GetInstance
[2017.12.03-23.21.31:481][  0]LogEngine: Initializing Engine...
[2017.12.03-23.21.31:484][  0]LogHMD: Failed to initialize OpenVR with code 110
[2017.12.03-23.21.32:051][  0]LogStats: UGameplayTagsManager::ConstructGameplayTagTree: Construct from data asset -  0.000 s
[2017.12.03-23.21.32:052][  0]LogStats: UGameplayTagsManager::ConstructGameplayTagTree: GameplayTagTreeChangedEvent.Broadcast -  0.000 s
[2017.12.03-23.21.32:350][  0]LogAIModule: Creating AISystem for world Untitled
[2017.12.03-23.21.32:387][  0]LogInit: XAudio2 using 'Headset Earphone (HyperX 7.1 Audio)' : 2 channels at 48 kHz using 16 bits per sample (channel mask 0x3)
[2017.12.03-23.21.32:404][  0]LogInit: FAudioDevice initialized.
[2017.12.03-23.21.32:466][  0]LogDerivedDataCache: Saved boot cache 0.06s 90MB C:/Users/Max/AppData/Local/UnrealEngine/4.16/DerivedDataCache/Boot.ddc.
[2017.12.03-23.21.32:493][  0]LogInit: Texture streaming: Enabled
[2017.12.03-23.21.32:688][  0]LogEngineSessionManager: EngineSessionManager initialized
[2017.12.03-23.21.32:688][  0]LogEngineSessionManager: EngineSessionManager sent abnormal shutdown report. Type=AbnormalShutdown, SessionId={8B5C489B-49FC-C5CA-6E40-26AA91141CBD}
[2017.12.03-23.21.33:249][  0]LogInit: Transaction tracking system initialized
[2017.12.03-23.21.33:913][  0]BlueprintLog: New page: Editor Load
[2017.12.03-23.21.36:067][  0]LocalizationService: Info Localization service is disabled
[2017.12.03-23.21.37:596][  0]LogConsoleResponse:Display: 
[2017.12.03-23.21.38:301][  0]LogCook:Display: Max memory allowance for cook 16384mb min free memory 0mb
[2017.12.03-23.21.38:301][  0]LogCook:Display: Mobile HDR setting 1
[2017.12.03-23.21.38:418][  0]LogFileCache: Scanning file cache for directory 'C:/Users/Max/Desktop/Unreal/TopDown/Content/' took 0.02s
[2017.12.03-23.21.40:651][  0]SourceControl: Info Source control is disabled
[2017.12.03-23.21.41:013][  0]LogSlate: Took 0.010492 seconds to synchronously load lazily loaded font '../../../Engine/Content/Slate/Fonts/Roboto-Regular.ttf' (155K)
[2017.12.03-23.21.50:797][  0]LogWindowsTextInputMethodSystem:Display: IME system now deactivated.
[2017.12.03-23.21.50:822][  0]LogWindowsTextInputMethodSystem:Display: IME system now deactivated.
[2017.12.03-23.21.52:979][  0]LogWindowsTextInputMethodSystem:Display: IME system now deactivated.
[2017.12.03-23.21.52:995][  0]LogWindowsTextInputMethodSystem:Display: IME system now deactivated.
[2017.12.03-23.21.53:320][  0]Cmd: MAP LOAD FILE="../../../../../../Users/Max/Desktop/Unreal/TopDown/Content/TopDownBP/Maps/TopDownExampleMap.umap" TEMPLATE=0 SHOWPROGRESS=1 FEATURELEVEL=3
[2017.12.03-23.21.53:331][  0]LightingResults: New page: Lighting Build
[2017.12.03-23.21.53:543][  0]MapCheck: New page: Map Check
[2017.12.03-23.21.53:543][  0]LightingResults: New page: Lighting Build
[2017.12.03-23.21.55:642][  0]LogAIModule: Creating AISystem for world TopDownExampleMap
[2017.12.03-23.21.55:710][  0]LogEditorServer: Finished looking for orphan Actors (0.000 secs)
[2017.12.03-23.21.55:746][  0]Cmd: MAP CHECKDEP NOCLEARLOG
[2017.12.03-23.21.55:854][  0]MapCheck: Info Map check complete: 0 Error(s), 0 Warning(s), took 107.801ms to complete.
[2017.12.03-23.21.55:854][  0]LogFileHelpers: Loading map 'TopDownExampleMap' took 2.544
[2017.12.03-23.21.56:120][  0]LogStats:Warning: MetaData mismatch. Did you assign a stat to two groups? New //STATGROUP_Threads//SplashScreenThread///Thread_29a0_0///####STATCAT_Advanced#### old //STATGROUP_Threads//SplashScreenThread///Thread_293c_0///####STATCAT_Advanced####
[2017.12.03-23.21.56:120][  0]LogCollectionManager: Loaded 0 collections in 0.002088 seconds
[2017.12.03-23.21.56:265][  0]LogFileCache: Scanning file cache for directory 'C:/Users/Max/Desktop/Unreal/TopDown/Saved/Collections/' took 0.01s
[2017.12.03-23.21.56:265][  0]LogFileCache: Scanning file cache for directory 'C:/Users/Max/Desktop/Unreal/TopDown/Content/Developers/Max/Collections/' took 0.01s
[2017.12.03-23.21.56:265][  0]LogFileCache: Scanning file cache for directory 'C:/Users/Max/Desktop/Unreal/TopDown/Content/Collections/' took 0.01s
[2017.12.03-23.21.56:265][  0]LogCollectionManager: Rebuilt the GUID cache for 0 collections in 0.000003 seconds
[2017.12.03-23.21.56:282][  0]LogContentBrowser: Native class hierarchy populated in 0.0150 seconds. Added 2329 classes and 491 folders.
[2017.12.03-23.21.56:409][  0]LogContentBrowser: Native class hierarchy updated for 'WidgetCarousel' in 0.0008 seconds. Added 0 classes and 0 folders.
[2017.12.03-23.21.56:967][  0]LogContentBrowser: Native class hierarchy updated for 'AddContentDialog' in 0.0011 seconds. Added 0 classes and 0 folders.
[2017.12.03-23.21.57:074][  0]LogContentBrowser: Native class hierarchy updated for 'SceneOutliner' in 0.0008 seconds. Added 1 classes and 2 folders.
[2017.12.03-23.21.57:137][  0]LogCrashTracker: Crashtracker disabled due to settings.
[2017.12.03-23.21.57:162][  0]LogSlate: Took 0.008164 seconds to synchronously load lazily loaded font '../../../Engine/Content/Slate/Fonts/Roboto-Bold.ttf' (160K)
[2017.12.03-23.21.57:181][  0]LogSlate: Took 0.008902 seconds to synchronously load lazily loaded font '../../../Engine/Content/Editor/Slate/Fonts/FontAwesome.ttf' (139K)
[2017.12.03-23.21.57:485][  0]LogRenderer: Reallocating scene render targets to support 1208x652 NumSamples 1 (Frame:1).
[2017.12.03-23.21.57:806][  0]LogUObjectGlobals:Warning: Failed to find object 'Class None.'
[2017.12.03-23.21.57:927][  0]LogContentBrowser: Native class hierarchy updated for 'HierarchicalLODOutliner' in 0.0011 seconds. Added 1 classes and 2 folders.
[2017.12.03-23.21.57:927][  0]LogLoad: (Engine Initialization) Total time: 62.35 seconds
[2017.12.03-23.21.57:927][  0]LogLoad: (Engine Initialization) Total Blueprint compile time: 0.49 seconds
[2017.12.03-23.21.57:927][  0]LogExternalProfiler: No external profilers were discovered.  External profiling features will not be available.
[2017.12.03-23.21.57:942][  0]LogOcInput: OculusInput pre-init called
[2017.12.03-23.21.57:943][  0]LogHMD: Starting GearVRController plugin
[2017.12.03-23.21.57:990][  0]LogContentStreaming: Texture pool size now 1000 MB
[2017.12.03-23.21.58:051][  0]LogSlate: Took 0.006625 seconds to synchronously load lazily loaded font '../../../Engine/Content/Slate/Fonts/Roboto-Light.ttf' (159K)
[2017.12.03-23.21.58:076][  1]LogAssetRegistry: Asset discovery search completed in 39.8765 seconds
[2017.12.03-23.21.58:078][  1]LogCollectionManager: Rebuilt the object cache for 0 collections in 0.000001 seconds (found 0 objects)
[2017.12.03-23.21.58:078][  1]LogCollectionManager: Fixed up redirectors for 0 collections in 0.000033 seconds (updated 0 objects)
[2017.12.03-23.21.58:991][ 52]LogSlate: Took 0.000321 seconds to synchronously load lazily loaded font '../../../Engine/Content/Slate/Fonts/Roboto-Light.ttf' (159K)
[2017.12.03-23.22.01:399][222]LogSlate: Took 0.000219 seconds to synchronously load lazily loaded font '../../../Engine/Content/Slate/Fonts/Roboto-Light.ttf' (159K)
[2017.12.03-23.22.02:254][222]LogContentBrowser: Native class hierarchy updated for 'BlueprintGraph' in 0.0014 seconds. Added 112 classes and 0 folders.
[2017.12.03-23.22.06:437][222]LogMaterial: Missing cached shader map for material M_Neutral, compiling. 
[2017.12.03-23.22.06:635][222]LogMaterial: Missing cached shader map for material M_Neutral, compiling. 
[2017.12.03-23.22.06:684][222]LogMaterial: Missing cached shader map for material M_Neutral, compiling. 
[2017.12.03-23.22.06:765][222]LogMaterial: Missing cached shader map for material FMatExpressionPreview MaterialExpressionConstant3Vector_1, compiling. 
[2017.12.03-23.22.11:027][358]LogSlate: Took 0.014207 seconds to synchronously load lazily loaded font '../../../Engine/Content/Editor/Slate/Fonts/Roboto-BoldCondensed.ttf' (158K)
[2017.12.03-23.22.11:491][359]LogSlate: Took 0.011006 seconds to synchronously load lazily loaded font '../../../Engine/Content/Editor/Slate/Fonts/Roboto-Italic.ttf' (157K)
[2017.12.03-23.22.13:059][390]MaterialEditorStats: Info Base pass shader: 79 instructions
[2017.12.03-23.22.13:059][390]MaterialEditorStats: Info Vertex shader: 29 instructions
[2017.12.03-23.22.13:059][390]MaterialEditorStats: Info Texture samplers: 1/16
[2017.12.03-23.22.13:433][403]LogActorComponent: UnregisterComponent: (/Engine/Transient.EditorFloorComp) Not registered. Aborting.
[2017.12.03-23.22.14:524][442]LogActorComponent: UnregisterComponent: (/Engine/Transient.EditorFloorComp) Not registered. Aborting.
[2017.12.03-23.22.15:975][502]LogActorComponent: UnregisterComponent: (/Engine/Transient.EditorFloorComp) Not registered. Aborting.
[2017.12.03-23.22.16:522][521]LogActorComponent: UnregisterComponent: (/Engine/Transient.EditorFloorComp) Not registered. Aborting.
[2017.12.03-23.22.17:114][541]LogActorComponent: UnregisterComponent: (/Engine/Transient.EditorFloorComp) Not registered. Aborting.
[2017.12.03-23.22.17:547][555]LogActorComponent: UnregisterComponent: (/Engine/Transient.EditorFloorComp) Not registered. Aborting.
[2017.12.03-23.29.16:848][813]LogEditorViewport: Clicking on Actor (LMB): BP_Player_C (TopDownCharacter)
[2017.12.03-23.29.17:468][846]LogEditorViewport: Clicking on Actor (context menu): BP_Player_C (TopDownCharacter)
[2017.12.03-23.29.18:299][889]LogEditorViewport: Clicking on Actor (LMB): BP_Player_C (TopDownCharacter)
[2017.12.03-23.31.58:870][642]LogSavePackage: Save=336.13ms
[2017.12.03-23.31.58:870][642]LogSavePackage: Moving '../../../../../../Users/Max/Desktop/Unreal/TopDown/Saved/TopDownExampleMap_Auto18AB1CEE34E78882F3A988D88DBF6E6CF.tmp' to '../../../../../../Users/Max/Desktop/Unreal/TopDown/Saved/Autosaves/Game/TopDownBP/Maps/TopDownExampleMap_Auto1.umap'
[2017.12.03-23.31.58:873][642]LogSavePackage:Display: Finished SavePackage ../../../../../../Users/Max/Desktop/Unreal/TopDown/Saved/Autosaves/Game/TopDownBP/Maps/TopDownExampleMap_Auto1.umap
[2017.12.03-23.31.58:882][642]LogFileHelpers: Editor autosave (incl. sublevels) for '/Game/TopDownBP/Maps/TopDownExampleMap' took 0.439
[2017.12.03-23.31.58:882][642]LogFileHelpers: Editor autosave (incl. sublevels) for all levels took 0.439
[2017.12.03-23.31.58:885][642]OBJ SavePackage: Generating thumbnails for [0] asset(s) in package [/Game/TopDownBP/Blueprints/SpawnPts/PT_AllySpawn] ([1] browsable assets)...
[2017.12.03-23.31.58:885][642]OBJ SavePackage: Finished generating thumbnails for package [/Game/TopDownBP/Blueprints/SpawnPts/PT_AllySpawn]
[2017.12.03-23.31.58:940][642]LogSavePackage: Save=39.40ms
[2017.12.03-23.31.58:940][642]LogSavePackage: Moving '../../../../../../Users/Max/Desktop/Unreal/TopDown/Saved/PT_AllySpawn_Auto13281EB4F4CA90C5505E93E84E8060B1E.tmp' to '../../../../../../Users/Max/Desktop/Unreal/TopDown/Saved/Autosaves/Game/TopDownBP/Blueprints/SpawnPts/PT_AllySpawn_Auto1.uasset'
[2017.12.03-23.31.58:942][642]LogSavePackage:Display: Finished SavePackage ../../../../../../Users/Max/Desktop/Unreal/TopDown/Saved/Autosaves/Game/TopDownBP/Blueprints/SpawnPts/PT_AllySpawn_Auto1.uasset
[2017.12.03-23.31.58:943][642]OBJ SavePackage: Generating thumbnails for [1] asset(s) in package [/Game/TopDownBP/Blueprints/Ally/BP_Ally] ([1] browsable assets)...
[2017.12.03-23.31.58:967][642]OBJ SavePackage:     Rendered thumbnail for [Blueprint /Game/TopDownBP/Blueprints/Ally/BP_Ally.BP_Ally]
[2017.12.03-23.31.58:967][642]OBJ SavePackage: Finished generating thumbnails for package [/Game/TopDownBP/Blueprints/Ally/BP_Ally]
[2017.12.03-23.31.59:018][642]LogSavePackage: Save=37.11ms
[2017.12.03-23.31.59:018][642]LogSavePackage: Moving '../../../../../../Users/Max/Desktop/Unreal/TopDown/Saved/BP_Ally_Auto1C7F7EBAE4C45DEB2E8391EA38A03F1ED.tmp' to '../../../../../../Users/Max/Desktop/Unreal/TopDown/Saved/Autosaves/Game/TopDownBP/Blueprints/Ally/BP_Ally_Auto1.uasset'
[2017.12.03-23.31.59:020][642]LogSavePackage:Display: Finished SavePackage ../../../../../../Users/Max/Desktop/Unreal/TopDown/Saved/Autosaves/Game/TopDownBP/Blueprints/Ally/BP_Ally_Auto1.uasset
[2017.12.03-23.31.59:021][642]OBJ SavePackage: Generating thumbnails for [0] asset(s) in package [/Game/TopDownBP/Blueprints/Ally/BP_Ally_Ctrl] ([1] browsable assets)...
[2017.12.03-23.31.59:021][642]OBJ SavePackage: Finished generating thumbnails for package [/Game/TopDownBP/Blueprints/Ally/BP_Ally_Ctrl]
[2017.12.03-23.31.59:072][642]LogSavePackage: Save=33.88ms
[2017.12.03-23.31.59:072][642]LogSavePackage: Moving '../../../../../../Users/Max/Desktop/Unreal/TopDown/Saved/BP_Ally_Ctrl_Auto1FC0EB83F4D7D9ADB541B0F81E0FF0BFB.tmp' to '../../../../../../Users/Max/Desktop/Unreal/TopDown/Saved/Autosaves/Game/TopDownBP/Blueprints/Ally/BP_Ally_Ctrl_Auto1.uasset'
[2017.12.03-23.31.59:075][642]LogSavePackage:Display: Finished SavePackage ../../../../../../Users/Max/Desktop/Unreal/TopDown/Saved/Autosaves/Game/TopDownBP/Blueprints/Ally/BP_Ally_Ctrl_Auto1.uasset
[2017.12.03-23.31.59:075][642]OBJ SavePackage: Generating thumbnails for [0] asset(s) in package [/Game/TopDownBP/Blueprints/TopDownGameMode] ([1] browsable assets)...
[2017.12.03-23.31.59:075][642]OBJ SavePackage: Finished generating thumbnails for package [/Game/TopDownBP/Blueprints/TopDownGameMode]
[2017.12.03-23.31.59:110][642]LogSavePackage: Save=20.12ms
[2017.12.03-23.31.59:110][642]LogSavePackage: Moving '../../../../../../Users/Max/Desktop/Unreal/TopDown/Saved/TopDownGameMode_Auto1FE3B6550445B691791BE2095D90BD1DE.tmp' to '../../../../../../Users/Max/Desktop/Unreal/TopDown/Saved/Autosaves/Game/TopDownBP/Blueprints/TopDownGameMode_Auto1.uasset'
[2017.12.03-23.31.59:113][642]LogSavePackage:Display: Finished SavePackage ../../../../../../Users/Max/Desktop/Unreal/TopDown/Saved/Autosaves/Game/TopDownBP/Blueprints/TopDownGameMode_Auto1.uasset
[2017.12.03-23.31.59:113][642]LogFileHelpers: Auto-saving content packages took 0.229
[2017.12.03-23.35.24:951][ 99]BlueprintLog: New page: Compile BP_Player
[2017.12.03-23.35.25:647][ 99]BlueprintEditorCompileResults: Info 'self' is already a 'BP Player', you don't need  Cast To BP_Player .
[2017.12.03-23.37.31:035][762]LogSlate: Took 0.007376 seconds to synchronously load lazily loaded font '../../../Engine/Content/Editor/Slate/Fonts/Roboto-BoldCondensedItalic.ttf' (160K)
[2017.12.03-23.37.46:627][594]BlueprintLog: New page: Compile BP_Player
[2017.12.03-23.39.08:111][494]BlueprintLog: New page: Compile BP_Player
[2017.12.03-23.39.08:147][494]LogBlueprint:Error: [Compiler BP_Player] Error Could not find a pin for the parameter PlayerLocation of PlayerFound__DelegateSignature on  Call PlayerFound
[2017.12.03-23.39.08:148][494]LogBlueprint:Error: [Compiler BP_Player] Error Pin  New Param  named NewParam doesn't match any parameters of function PlayerFound__DelegateSignature
[2017.12.03-23.39.09:407][494]BlueprintEditorCompileResults:Error: Error Could not find a pin for the parameter PlayerLocation of PlayerFound__DelegateSignature on  Call PlayerFound
[2017.12.03-23.39.09:407][494]BlueprintEditorCompileResults:Error: Error Pin  New Param  named NewParam doesn't match any parameters of function PlayerFound__DelegateSignature
[2017.12.03-23.39.09:407][494]LogBlueprint:Warning: [Compiler BP_Player] Warning [1093.83] Compile of BP_Player failed. 2 Fatal Issue(s) 0 Warning(s) [in 1,296 ms] (/Game/TopDownBP/Blueprints/Player/BP_Player.BP_Player)
[2017.12.03-23.41.59:606][634]LogSavePackage: Save=315.52ms
[2017.12.03-23.41.59:606][634]LogSavePackage: Moving '../../../../../../Users/Max/Desktop/Unreal/TopDown/Saved/TopDownExampleMap_Auto2BC5D194D48FE998A593BF3B52BE71B38.tmp' to '../../../../../../Users/Max/Desktop/Unreal/TopDown/Saved/Autosaves/Game/TopDownBP/Maps/TopDownExampleMap_Auto2.umap'
[2017.12.03-23.41.59:632][634]LogSavePackage:Display: Finished SavePackage ../../../../../../Users/Max/Desktop/Unreal/TopDown/Saved/Autosaves/Game/TopDownBP/Maps/TopDownExampleMap_Auto2.umap
[2017.12.03-23.41.59:636][634]LogFileHelpers: Editor autosave (incl. sublevels) for '/Game/TopDownBP/Maps/TopDownExampleMap' took 0.419
[2017.12.03-23.41.59:636][634]LogFileHelpers: Editor autosave (incl. sublevels) for all levels took 0.419
[2017.12.03-23.41.59:638][634]OBJ SavePackage: Generating thumbnails for [1] asset(s) in package [/Game/TopDownBP/Blueprints/Player/BP_Player] ([1] browsable assets)...
[2017.12.03-23.41.59:662][634]OBJ SavePackage:     Rendered thumbnail for [Blueprint /Game/TopDownBP/Blueprints/Player/BP_Player.BP_Player]
[2017.12.03-23.41.59:662][634]OBJ SavePackage: Finished generating thumbnails for package [/Game/TopDownBP/Blueprints/Player/BP_Player]
[2017.12.03-23.41.59:795][634]LogSavePackage: Save=115.56ms
[2017.12.03-23.41.59:795][634]LogSavePackage: Moving '../../../../../../Users/Max/Desktop/Unreal/TopDown/Saved/BP_Player_Auto2619FF4004D7838C4B65DD0B178DA359B.tmp' to '../../../../../../Users/Max/Desktop/Unreal/TopDown/Saved/Autosaves/Game/TopDownBP/Blueprints/Player/BP_Player_Auto2.uasset'
[2017.12.03-23.41.59:797][634]LogSavePackage:Display: Finished SavePackage ../../../../../../Users/Max/Desktop/Unreal/TopDown/Saved/Autosaves/Game/TopDownBP/Blueprints/Player/BP_Player_Auto2.uasset
[2017.12.03-23.41.59:797][634]LogFileHelpers: Auto-saving content packages took 0.159
[2017.12.03-23.42.22:249][696]BlueprintLog: New page: Compile BP_Player
[2017.12.03-23.42.27:627][987]BlueprintLog: New page: Compile TopDownExampleMap
[2017.12.03-23.42.35:441][435]BlueprintLog: New page: Compile TopDownGameMode
[2017.12.03-23.42.45:780][973]BlueprintLog: New page: Compile BP_Ally_Ctrl
[2017.12.03-23.42.46:107][973]BlueprintEditorCompileResults: Info No value will be returned by reference. Parameter 'UpdatedActors'. Node:  On Perception Updated (AIPerception)
[2017.12.03-23.45.28:833][729]LogPackageName: SearchForPackageOnDisk took   0.000s, but failed to resolve /Game/TopDownBP/Blueprints/Player/IN_Player.
[2017.12.03-23.52.00:295][561]LogSavePackage: Save=320.31ms
[2017.12.03-23.52.00:295][561]LogSavePackage: Moving '../../../../../../Users/Max/Desktop/Unreal/TopDown/Saved/TopDownExampleMap_Auto37D783C1E4ED71CBAB9A4F1B3D395F9BA.tmp' to '../../../../../../Users/Max/Desktop/Unreal/TopDown/Saved/Autosaves/Game/TopDownBP/Maps/TopDownExampleMap_Auto3.umap'
[2017.12.03-23.52.00:298][561]LogSavePackage:Display: Finished SavePackage ../../../../../../Users/Max/Desktop/Unreal/TopDown/Saved/Autosaves/Game/TopDownBP/Maps/TopDownExampleMap_Auto3.umap
[2017.12.03-23.52.00:303][561]LogFileHelpers: Editor autosave (incl. sublevels) for '/Game/TopDownBP/Maps/TopDownExampleMap' took 0.394
[2017.12.03-23.52.00:303][561]LogFileHelpers: Editor autosave (incl. sublevels) for all levels took 0.394
[2017.12.03-23.52.00:305][561]OBJ SavePackage: Generating thumbnails for [1] asset(s) in package [/Game/TopDownBP/Blueprints/Player/BP_Player] ([1] browsable assets)...
[2017.12.03-23.52.00:326][561]OBJ SavePackage:     Rendered thumbnail for [Blueprint /Game/TopDownBP/Blueprints/Player/BP_Player.BP_Player]
[2017.12.03-23.52.00:326][561]OBJ SavePackage: Finished generating thumbnails for package [/Game/TopDownBP/Blueprints/Player/BP_Player]
[2017.12.03-23.52.00:453][561]LogSavePackage: Save=110.24ms
[2017.12.03-23.52.00:453][561]LogSavePackage: Moving '../../../../../../Users/Max/Desktop/Unreal/TopDown/Saved/BP_Player_Auto35820AF3F48AE88DF13AD1EAF13994091.tmp' to '../../../../../../Users/Max/Desktop/Unreal/TopDown/Saved/Autosaves/Game/TopDownBP/Blueprints/Player/BP_Player_Auto3.uasset'
[2017.12.03-23.52.00:455][561]LogSavePackage:Display: Finished SavePackage ../../../../../../Users/Max/Desktop/Unreal/TopDown/Saved/Autosaves/Game/TopDownBP/Blueprints/Player/BP_Player_Auto3.uasset
[2017.12.03-23.52.00:455][561]OBJ SavePackage: Generating thumbnails for [0] asset(s) in package [/Game/TopDownBP/Blueprints/Ally/BP_Ally_Ctrl] ([1] browsable assets)...
[2017.12.03-23.52.00:455][561]OBJ SavePackage: Finished generating thumbnails for package [/Game/TopDownBP/Blueprints/Ally/BP_Ally_Ctrl]
[2017.12.03-23.52.00:499][561]LogSavePackage: Save=28.52ms
[2017.12.03-23.52.00:499][561]LogSavePackage: Moving '../../../../../../Users/Max/Desktop/Unreal/TopDown/Saved/BP_Ally_Ctrl_Auto3BE41AF43496B4FD6E061098AEF5DACDA.tmp' to '../../../../../../Users/Max/Desktop/Unreal/TopDown/Saved/Autosaves/Game/TopDownBP/Blueprints/Ally/BP_Ally_Ctrl_Auto3.uasset'
[2017.12.03-23.52.00:501][561]LogSavePackage:Display: Finished SavePackage ../../../../../../Users/Max/Desktop/Unreal/TopDown/Saved/Autosaves/Game/TopDownBP/Blueprints/Ally/BP_Ally_Ctrl_Auto3.uasset
[2017.12.03-23.52.00:502][561]OBJ SavePackage: Generating thumbnails for [0] asset(s) in package [/Game/TopDownBP/Blueprints/TopDownGameMode] ([1] browsable assets)...
[2017.12.03-23.52.00:503][561]OBJ SavePackage: Finished generating thumbnails for package [/Game/TopDownBP/Blueprints/TopDownGameMode]
[2017.12.03-23.52.00:534][561]LogSavePackage: Save=14.01ms
[2017.12.03-23.52.00:534][561]LogSavePackage: Moving '../../../../../../Users/Max/Desktop/Unreal/TopDown/Saved/TopDownGameMode_Auto3DFE68C644ECB2192ABA9F6871E661872.tmp' to '../../../../../../Users/Max/Desktop/Unreal/TopDown/Saved/Autosaves/Game/TopDownBP/Blueprints/TopDownGameMode_Auto3.uasset'
[2017.12.03-23.52.00:536][561]LogSavePackage:Display: Finished SavePackage ../../../../../../Users/Max/Desktop/Unreal/TopDown/Saved/Autosaves/Game/TopDownBP/Blueprints/TopDownGameMode_Auto3.uasset
[2017.12.03-23.52.00:537][561]OBJ SavePackage: Generating thumbnails for [0] asset(s) in package [/Game/TopDownBP/Blueprints/Player/IN_Player] ([1] browsable assets)...
[2017.12.03-23.52.00:537][561]OBJ SavePackage: Finished generating thumbnails for package [/Game/TopDownBP/Blueprints/Player/IN_Player]
[2017.12.03-23.52.00:549][561]LogSavePackage: Save=9.40ms
[2017.12.03-23.52.00:549][561]LogSavePackage: Moving '../../../../../../Users/Max/Desktop/Unreal/TopDown/Saved/IN_Player_Auto3AAD5FFDE492286AA766F5D8EA73779A0.tmp' to '../../../../../../Users/Max/Desktop/Unreal/TopDown/Saved/Autosaves/Game/TopDownBP/Blueprints/Player/IN_Player_Auto3.uasset'
[2017.12.03-23.52.00:551][561]LogSavePackage:Display: Finished SavePackage ../../../../../../Users/Max/Desktop/Unreal/TopDown/Saved/Autosaves/Game/TopDownBP/Blueprints/Player/IN_Player_Auto3.uasset
[2017.12.03-23.52.00:551][561]LogFileHelpers: Auto-saving content packages took 0.247
[2017.12.04-00.02.01:260][481]LogSavePackage: Save=378.13ms
[2017.12.04-00.02.01:260][481]LogSavePackage: Moving '../../../../../../Users/Max/Desktop/Unreal/TopDown/Saved/TopDownExampleMap_Auto49676A64F4FFD4179250DABB39FFB50FD.tmp' to '../../../../../../Users/Max/Desktop/Unreal/TopDown/Saved/Autosaves/Game/TopDownBP/Maps/TopDownExampleMap_Auto4.umap'
[2017.12.04-00.02.01:264][481]LogSavePackage:Display: Finished SavePackage ../../../../../../Users/Max/Desktop/Unreal/TopDown/Saved/Autosaves/Game/TopDownBP/Maps/TopDownExampleMap_Auto4.umap
[2017.12.04-00.02.01:278][481]LogFileHelpers: Editor autosave (incl. sublevels) for '/Game/TopDownBP/Maps/TopDownExampleMap' took 0.480
[2017.12.04-00.02.01:278][481]LogFileHelpers: Editor autosave (incl. sublevels) for all levels took 0.480
[2017.12.04-00.02.01:281][481]OBJ SavePackage: Generating thumbnails for [1] asset(s) in package [/Game/TopDownBP/Blueprints/Player/BP_Player] ([1] browsable assets)...
[2017.12.04-00.02.01:362][481]OBJ SavePackage:     Rendered thumbnail for [Blueprint /Game/TopDownBP/Blueprints/Player/BP_Player.BP_Player]
[2017.12.04-00.02.01:362][481]OBJ SavePackage: Finished generating thumbnails for package [/Game/TopDownBP/Blueprints/Player/BP_Player]
[2017.12.04-00.02.01:544][481]LogSavePackage: Save=161.17ms
[2017.12.04-00.02.01:544][481]LogSavePackage: Moving '../../../../../../Users/Max/Desktop/Unreal/TopDown/Saved/BP_Player_Auto47E8093124F5ADD66CB14C79FC9C7DC19.tmp' to '../../../../../../Users/Max/Desktop/Unreal/TopDown/Saved/Autosaves/Game/TopDownBP/Blueprints/Player/BP_Player_Auto4.uasset'
[2017.12.04-00.02.01:546][481]LogSavePackage:Display: Finished SavePackage ../../../../../../Users/Max/Desktop/Unreal/TopDown/Saved/Autosaves/Game/TopDownBP/Blueprints/Player/BP_Player_Auto4.uasset
[2017.12.04-00.02.01:547][481]OBJ SavePackage: Generating thumbnails for [0] asset(s) in package [/Game/TopDownBP/Blueprints/SpawnPts/PT_AllySpawn] ([1] browsable assets)...
[2017.12.04-00.02.01:547][481]OBJ SavePackage: Finished generating thumbnails for package [/Game/TopDownBP/Blueprints/SpawnPts/PT_AllySpawn]
[2017.12.04-00.02.01:624][481]LogSavePackage: Save=51.84ms
[2017.12.04-00.02.01:624][481]LogSavePackage: Moving '../../../../../../Users/Max/Desktop/Unreal/TopDown/Saved/PT_AllySpawn_Auto48C3BD8B748230D6B0B060FBE6C5AFBBC.tmp' to '../../../../../../Users/Max/Desktop/Unreal/TopDown/Saved/Autosaves/Game/TopDownBP/Blueprints/SpawnPts/PT_AllySpawn_Auto4.uasset'
[2017.12.04-00.02.01:627][481]LogSavePackage:Display: Finished SavePackage ../../../../../../Users/Max/Desktop/Unreal/TopDown/Saved/Autosaves/Game/TopDownBP/Blueprints/SpawnPts/PT_AllySpawn_Auto4.uasset
[2017.12.04-00.02.01:628][481]OBJ SavePackage: Generating thumbnails for [0] asset(s) in package [/Game/TopDownBP/Blueprints/Player/IN_Player] ([1] browsable assets)...
[2017.12.04-00.02.01:628][481]OBJ SavePackage: Finished generating thumbnails for package [/Game/TopDownBP/Blueprints/Player/IN_Player]
[2017.12.04-00.02.01:645][481]LogSavePackage: Save=13.05ms
[2017.12.04-00.02.01:645][481]LogSavePackage: Moving '../../../../../../Users/Max/Desktop/Unreal/TopDown/Saved/IN_Player_Auto4EF11F4E6426FA5250B16E4A66C40345E.tmp' to '../../../../../../Users/Max/Desktop/Unreal/TopDown/Saved/Autosaves/Game/TopDownBP/Blueprints/Player/IN_Player_Auto4.uasset'
[2017.12.04-00.02.01:647][481]LogSavePackage:Display: Finished SavePackage ../../../../../../Users/Max/Desktop/Unreal/TopDown/Saved/Autosaves/Game/TopDownBP/Blueprints/Player/IN_Player_Auto4.uasset
[2017.12.04-00.02.01:647][481]LogFileHelpers: Auto-saving content packages took 0.367
