Log file open, 12/04/17 21:57:36
LogInit:Display: Running engine for game: TopDown
LogPlatformFile: Not using cached read wrapper
LogInit:Display: RandInit(-1964105436) SRandInit(-1964105435).
LogTaskGraph: Started task graph with 5 named threads and 8 total threads with 1 sets of task threads.
LogStats: Stats thread started at 0.617098
LogInit: Using libcurl 7.47.1
LogInit:  - built for x86_64-pc-win32
LogInit:  - supports SSL with OpenSSL/1.0.2g
LogInit:  - supports HTTP deflate (compression) using libz 1.2.8
LogInit:  - other features:
LogInit:      CURL_VERSION_SSL
LogInit:      CURL_VERSION_LIBZ
LogInit:      CURL_VERSION_IPV6
LogInit:      CURL_VERSION_ASYNCHDNS
LogInit:      CURL_VERSION_LARGEFILE
LogInit:      CURL_VERSION_IDN
LogInit:  CurlRequestOptions (configurable via config and command line):
LogInit:  - bVerifyPeer = false  - Libcurl will NOT verify peer certificate
LogInit:  - bUseHttpProxy = false  - Libcurl will NOT use HTTP proxy
LogInit:  - bDontReuseConnections = false  - Libcurl will reuse connections
LogInit:  - CertBundlePath = nullptr  - Libcurl will use whatever was configured at build time.
LogInit: Build: ++UE4+Release-4.16-CL-3514769
LogInit: Engine Version: 4.16.2-3514769+++UE4+Release-4.16
LogInit: Compatible Engine Version: 4.16.0-3452394+++UE4+Release-4.16
LogInit: Net CL: 3452394
LogDevObjectVersion: Number of dev versions registered: 16
LogDevObjectVersion:   Dev-Blueprints (B0D832E4-1F89-4F0D-ACCF-7EB736FD4AA2): 9
LogDevObjectVersion:   Dev-Build (E1C64328-A22C-4D53-A36C-8E866417BD8C): 0
LogDevObjectVersion:   Dev-Core (375EC13C-06E4-48FB-B500-84F0262A717E): 2
LogDevObjectVersion:   Dev-Editor (E4B068ED-F494-42E9-A231-DA0B2E46BB41): 17
LogDevObjectVersion:   Dev-Framework (CFFC743F-43B0-4480-9391-14DF171D2073): 23
LogDevObjectVersion:   Dev-Mobile (B02B49B5-BB20-44E9-A304-32B752E40360): 0
LogDevObjectVersion:   Dev-Networking (A4E4105C-59A1-49B5-A7C5-40C4547EDFEE): 0
LogDevObjectVersion:   Dev-Online (39C831C9-5AE6-47DC-9A44-9C173E1C8E7C): 0
LogDevObjectVersion:   Dev-Physics (78F01B33-EBEA-4F98-B9B4-84EACCB95AA2): 0
LogDevObjectVersion:   Dev-Platform (6631380F-2D4D-43E0-8009-CF276956A95A): 0
LogDevObjectVersion:   Dev-Rendering (12F88B9F-8875-4AFC-A67C-D90C383ABD29): 15
LogDevObjectVersion:   Dev-Sequencer (7B5AE74C-D270-4C10-A958-57980B212A5A): 4
LogDevObjectVersion:   Dev-VR (D7296918-1DD6-4BDD-9DE2-64A83CC13884): 0
LogDevObjectVersion:   Dev-LoadTimes (C2A15278-BFE7-4AFE-6C17-90FF531DF755): 1
LogDevObjectVersion:   Private-Geometry (6EACA3D4-40EC-4CC1-B786-8BED09428FC5): 1
LogDevObjectVersion:   Dev-AnimPhys (29E575DD-E0A3-4627-9D10-D276232CDCEA): 3
LogInit: Compiled (64-bit): Jun 29 2017 02:03:24
LogInit: Compiled with Visual C++: 19.00.24215.01
LogInit: Build Configuration: Development
LogInit: Branch Name: ++UE4+Release-4.16
LogInit: Command line:  
LogInit: Base directory: C:/Program Files/Epic Games/UE_4.16/Engine/Binaries/Win64/
LogInit: Installed Engine Build: 1
LogInit: Presizing for max 8388607 objects, including 0 objects not considered by GC, pre-allocating 0 bytes for permanent pool.
LogInit: Object subsystem initialized
[2017.12.05-02.57.37:475][  0]LogInit: Selected Device Profile: [Windows]
[2017.12.05-02.57.37:475][  0]LogInit: Applying CVar settings loaded from the selected device profile: [Windows]
[2017.12.05-02.57.37:531][  0]LogInit: Computer: DESKTOP-9I2E2DC
[2017.12.05-02.57.37:531][  0]LogInit: User: Max
[2017.12.05-02.57.37:531][  0]LogInit: CPU Page size=4096, Cores=4
[2017.12.05-02.57.37:531][  0]LogInit: High frequency timer resolution =2.610086 MHz
[2017.12.05-02.57.37:532][  0]LogMemory: Memory total: Physical=12.0GB (12GB approx)
[2017.12.05-02.57.37:532][  0]LogMemory: Platform Memory Stats for Windows
[2017.12.05-02.57.37:532][  0]LogMemory: Process Physical Memory: 272.93 MB used, 272.93 MB peak
[2017.12.05-02.57.37:532][  0]LogMemory: Process Virtual Memory: 260.74 MB used, 260.74 MB peak
[2017.12.05-02.57.37:532][  0]LogMemory: Physical Memory: 2864.79 MB used,  9414.29 MB free, 12279.08 MB total
[2017.12.05-02.57.37:532][  0]LogMemory: Virtual Memory: 638.19 MB used,  9414.29 MB free, 134217728.00 MB total
[2017.12.05-02.57.37:917][  0]LogInit: Using OS detected language (en-US).
[2017.12.05-02.57.37:917][  0]LogInit: Using OS detected locale (en-US).
[2017.12.05-02.57.38:004][  0]LogTextLocalizationManager: No specific localization for 'en-US' exists, so the 'en' localization will be used.
[2017.12.05-02.57.42:001][  0]LogD3D11RHI: D3D11 adapters:
[2017.12.05-02.57.42:125][  0]LogD3D11RHI:    0. 'NVIDIA GeForce GTX 670' (Feature Level 11_0)
[2017.12.05-02.57.42:126][  0]LogD3D11RHI:       2017/0/6139 MB DedicatedVideo/DedicatedSystem/SharedSystem, Outputs:2, VendorId:0x10de
[2017.12.05-02.57.42:127][  0]LogD3D11RHI:    1. 'Microsoft Basic Render Driver' (Feature Level 11_0)
[2017.12.05-02.57.42:127][  0]LogD3D11RHI:       0/0/6139 MB DedicatedVideo/DedicatedSystem/SharedSystem, Outputs:0, VendorId:0x1414
[2017.12.05-02.57.42:127][  0]LogD3D11RHI: Chosen D3D11 Adapter: 0
[2017.12.05-02.57.42:134][  0]LogD3D11RHI: Creating new Direct3DDevice
[2017.12.05-02.57.42:134][  0]LogD3D11RHI:     GPU DeviceId: 0x1189 (for the marketing name, search the web for "GPU Device Id")
[2017.12.05-02.57.42:134][  0]LogWindows: EnumDisplayDevices:
[2017.12.05-02.57.42:134][  0]LogWindows:    0. 'NVIDIA GeForce GTX 670' (P:1 D:1)
[2017.12.05-02.57.42:134][  0]LogWindows:    1. 'NVIDIA GeForce GTX 670' (P:0 D:1)
[2017.12.05-02.57.42:134][  0]LogWindows:    2. 'NVIDIA GeForce GTX 670' (P:0 D:0)
[2017.12.05-02.57.42:135][  0]LogWindows:    3. 'NVIDIA GeForce GTX 670' (P:0 D:0)
[2017.12.05-02.57.42:135][  0]LogWindows: DebugString: FoundDriverCount:4 
[2017.12.05-02.57.42:135][  0]LogD3D11RHI:     Adapter Name: NVIDIA GeForce GTX 670
[2017.12.05-02.57.42:135][  0]LogD3D11RHI:   Driver Version: 388.13 (internal:23.21.13.8813, unified:388.13)
[2017.12.05-02.57.42:135][  0]LogD3D11RHI:      Driver Date: 10-27-2017
[2017.12.05-02.57.42:135][  0]LogRHI: Texture pool is 1361 MB (70% of 1945 MB)
[2017.12.05-02.57.42:180][  0]LogD3D11RHI: Async texture creation enabled
[2017.12.05-02.57.42:267][  0]LogD3D11RHI: GPU Timing Frequency: 1000.000000 (Debug: 2 2)
[2017.12.05-02.57.42:323][  0]LogShaderCompilers: Guid format shader working directory is -6 characters bigger than the processId version (../../../../../../Users/Max/Desktop/Unreal/TopDown/Intermediate/Shaders/WorkingDirectory/3052/).
[2017.12.05-02.57.42:323][  0]LogShaderCompilers: Cleaned the shader compiler working directory 'C:/Users/Max/AppData/Local/Temp/UnrealShaderWorkingDir/AD6C236D4191FC2BCE55759F255FA0AE/'.
[2017.12.05-02.57.42:324][  0]LogShaderCompilers:Display: Using Local Shader Compiler.
[2017.12.05-02.57.45:730][  0]LogTemp:Display: Loaded TP AllDesktopTargetPlatform
[2017.12.05-02.57.45:818][  0]LogTemp:Display: Loaded TP MacClientTargetPlatform
[2017.12.05-02.57.45:911][  0]LogTemp:Display: Loaded TP MacNoEditorTargetPlatform
[2017.12.05-02.57.46:025][  0]LogTemp:Display: Loaded TP MacServerTargetPlatform
[2017.12.05-02.57.46:145][  0]LogTemp:Display: Loaded TP MacTargetPlatform
[2017.12.05-02.57.46:223][  0]LogTemp:Display: Loaded TP WindowsClientTargetPlatform
[2017.12.05-02.57.46:307][  0]LogTemp:Display: Loaded TP WindowsNoEditorTargetPlatform
[2017.12.05-02.57.46:438][  0]LogTemp:Display: Loaded TP WindowsServerTargetPlatform
[2017.12.05-02.57.46:547][  0]LogTemp:Display: Loaded TP WindowsTargetPlatform
[2017.12.05-02.57.46:629][  0]LogTemp:Display: Loaded TP AndroidTargetPlatform
[2017.12.05-02.57.46:707][  0]LogTemp:Display: Loaded TP Android_ASTCTargetPlatform
[2017.12.05-02.57.46:785][  0]LogTemp:Display: Loaded TP Android_ATCTargetPlatform
[2017.12.05-02.57.46:862][  0]LogTemp:Display: Loaded TP Android_DXTTargetPlatform
[2017.12.05-02.57.46:939][  0]LogTemp:Display: Loaded TP Android_ETC1TargetPlatform
[2017.12.05-02.57.47:016][  0]LogTemp:Display: Loaded TP Android_ETC2TargetPlatform
[2017.12.05-02.57.47:195][  0]LogTemp:Display: Loaded TP Android_MultiTargetPlatform
[2017.12.05-02.57.47:195][  0]LogTemp:Display: Loaded TP Android_PVRTCTargetPlatform
[2017.12.05-02.57.47:258][  0]LogTemp:Display: Loaded TP HTML5TargetPlatform
[2017.12.05-02.57.47:401][  0]LogTemp:Display: Loaded TP IOSTargetPlatform
[2017.12.05-02.57.47:473][  0]LogTemp:Display: Loaded TP TVOSTargetPlatform
[2017.12.05-02.57.47:571][  0]LogTemp:Display: Loaded TP LinuxClientTargetPlatform
[2017.12.05-02.57.47:654][  0]LogTemp:Display: Loaded TP LinuxNoEditorTargetPlatform
[2017.12.05-02.57.47:731][  0]LogTemp:Display: Loaded TP LinuxServerTargetPlatform
[2017.12.05-02.57.47:837][  0]LogTemp:Display: Loaded TP LinuxTargetPlatform
[2017.12.05-02.57.47:837][  0]LogTargetPlatformManager:Display: Building Assets For Windows
[2017.12.05-02.57.48:815][  0]LogDerivedDataCache:Display: Max Cache Size: 512 MB
[2017.12.05-02.57.49:419][  0]LogDerivedDataCache: Loaded boot cache 0.60s 90MB C:/Users/Max/AppData/Local/UnrealEngine/4.16/DerivedDataCache/Boot.ddc.
[2017.12.05-02.57.49:419][  0]LogDerivedDataCache:Display: Loaded Boot cache: C:/Users/Max/AppData/Local/UnrealEngine/4.16/DerivedDataCache/Boot.ddc
[2017.12.05-02.57.49:420][  0]LogDerivedDataCache: FDerivedDataBackendGraph:  Pak pak cache file ../../../../../../Users/Max/Desktop/Unreal/TopDown/DerivedDataCache/DDC.ddp not found, will not use a pak cache.
[2017.12.05-02.57.49:420][  0]LogDerivedDataCache: Unable to find inner node Pak for hierarchical cache Hierarchy.
[2017.12.05-02.57.49:420][  0]LogDerivedDataCache: FDerivedDataBackendGraph:  CompressedPak pak cache file ../../../../../../Users/Max/Desktop/Unreal/TopDown/DerivedDataCache/Compressed.ddp not found, will not use a pak cache.
[2017.12.05-02.57.49:420][  0]LogDerivedDataCache: Unable to find inner node CompressedPak for hierarchical cache Hierarchy.
[2017.12.05-02.57.49:470][  0]LogDerivedDataCache:Display: Pak cache opened for reading ../../../Engine/DerivedDataCache/Compressed.ddp.
[2017.12.05-02.57.49:484][  0]LogDerivedDataCache: Using Local data cache path C:/Users/Max/AppData/Local/UnrealEngine/Common/DerivedDataCache: Writable
[2017.12.05-02.57.49:509][  0]LogMaterial: Verifying Global Shaders for PCD3D_SM5
[2017.12.05-02.57.49:513][  0]LogSlate: Using Freetype 2.6.0
[2017.12.05-02.57.49:534][  0]LogSlate: SlateFontCache - WITH_FREETYPE: 1, WITH_HARFBUZZ: 1
[2017.12.05-02.57.49:534][  0]LogSlate: SlateFontCache - WITH_FREETYPE: 1, WITH_HARFBUZZ: 1
[2017.12.05-02.57.50:579][  0]LogInit: Selected Device Profile: [Windows]
[2017.12.05-02.57.50:852][  0]LogContentStreaming: Texture pool size is 0.00 MB
[2017.12.05-02.57.51:164][  0]LogMeshUtilities: Using QuadricMeshReduction for automatic static mesh reduction
[2017.12.05-02.57.51:243][  0]LogSimplygon: Simplygon DLL not present - disabling.
[2017.12.05-02.57.51:318][  0]LogMeshUtilities: Using SimplygonSwarm for distributed automatic mesh merging
[2017.12.05-02.57.51:318][  0]LogMeshUtilities: No automatic skeletal mesh reduction module available
[2017.12.05-02.57.51:318][  0]LogMeshUtilities: No automatic mesh merging module available
[2017.12.05-02.57.53:109][  0]LogNetVersion: TopDown , NetCL: 3452394, EngineNetVer: 2, GameNetVer: 0 (Checksum: 2471222603)
[2017.12.05-02.57.53:231][  0]LogAssetRegistry: FAssetRegistry took 0.0296 seconds to start up
[2017.12.05-02.57.53:332][  0]LogPackageLocalizationCache: Processed 4 localized package path(s) for 2 prioritized culture(s) in 0.063880 seconds
[2017.12.05-02.57.53:339][  0]LogUObjectArray: 34194 objects as part of root set at end of initial load.
[2017.12.05-02.57.53:339][  0]LogUObjectAllocator: 7260424 out of 0 bytes used by permanent object pool.
[2017.12.05-02.57.53:339][  0]LogUObjectArray: CloseDisregardForGC: 0/0 objects in disregard for GC pool
[2017.12.05-02.57.53:445][  0]LogInit: WinSock: version 1.1 (2.2), MaxSocks=32767, MaxUdp=65467
[2017.12.05-02.58.00:088][  0]LogTcpMessaging: Initializing TcpMessaging bridge
[2017.12.05-02.58.00:147][  0]LogUdpMessaging: Initializing bridge on interface 0.0.0.0:0 to multicast group 230.0.0.1:6666.
[2017.12.05-02.58.01:254][  0]LogMaterial: Uniform references updated for custom material expression Custom.
[2017.12.05-02.58.02:065][  0]SourceControl: Info Source control is disabled
[2017.12.05-02.58.02:150][  0]SourceControl: Info Source control is disabled
[2017.12.05-02.58.02:241][  0]SourceControl: Info Source control is disabled
[2017.12.05-02.58.02:334][  0]SourceControl: Info Source control is disabled
[2017.12.05-02.58.03:493][  0]LogAndroidPermission: UAndroidPermissionCallbackProxy::GetInstance
[2017.12.05-02.58.04:679][  0]LogEngine: Initializing Engine...
[2017.12.05-02.58.04:681][  0]LogHMD: Failed to initialize OpenVR with code 110
[2017.12.05-02.58.05:158][  0]LogStats: UGameplayTagsManager::ConstructGameplayTagTree: Construct from data asset -  0.000 s
[2017.12.05-02.58.05:158][  0]LogStats: UGameplayTagsManager::ConstructGameplayTagTree: GameplayTagTreeChangedEvent.Broadcast -  0.000 s
[2017.12.05-02.58.05:381][  0]LogAIModule: Creating AISystem for world Untitled
[2017.12.05-02.58.05:405][  0]LogInit: XAudio2 using 'Headset Earphone (HyperX 7.1 Audio)' : 2 channels at 48 kHz using 16 bits per sample (channel mask 0x3)
[2017.12.05-02.58.05:433][  0]LogInit: FAudioDevice initialized.
[2017.12.05-02.58.05:485][  0]LogDerivedDataCache: Saved boot cache 0.05s 90MB C:/Users/Max/AppData/Local/UnrealEngine/4.16/DerivedDataCache/Boot.ddc.
[2017.12.05-02.58.05:503][  0]LogInit: Texture streaming: Enabled
[2017.12.05-02.58.05:660][  0]LogEngineSessionManager: EngineSessionManager initialized
[2017.12.05-02.58.05:660][  0]LogEngineSessionManager: EngineSessionManager sent abnormal shutdown report. Type=AbnormalShutdown, SessionId={07983EBC-44B3-8CD6-DE24-0DA7144CD63D}
[2017.12.05-02.58.06:151][  0]LogInit: Transaction tracking system initialized
[2017.12.05-02.58.06:723][  0]BlueprintLog: New page: Editor Load
[2017.12.05-02.58.08:402][  0]LocalizationService: Info Localization service is disabled
[2017.12.05-02.58.09:624][  0]LogConsoleResponse:Display: 
[2017.12.05-02.58.10:205][  0]LogCook:Display: Max memory allowance for cook 16384mb min free memory 0mb
[2017.12.05-02.58.10:205][  0]LogCook:Display: Mobile HDR setting 1
[2017.12.05-02.58.10:649][  0]LogFileCache: Scanning file cache for directory 'C:/Users/Max/Desktop/Unreal/TopDown/Content/' took 0.02s
[2017.12.05-02.58.12:062][  0]SourceControl: Info Source control is disabled
[2017.12.05-02.58.12:183][  0]LogSlate: Took 0.006239 seconds to synchronously load lazily loaded font '../../../Engine/Content/Slate/Fonts/Roboto-Regular.ttf' (155K)
[2017.12.05-02.59.17:540][  0]LogWindowsTextInputMethodSystem:Display: IME system now deactivated.
[2017.12.05-02.59.17:551][  0]LogWindowsTextInputMethodSystem:Display: IME system now deactivated.
[2017.12.05-02.59.19:180][  0]LogWindowsTextInputMethodSystem:Display: IME system now deactivated.
[2017.12.05-02.59.19:191][  0]LogWindowsTextInputMethodSystem:Display: IME system now deactivated.
[2017.12.05-02.59.19:366][  0]Cmd: MAP LOAD FILE="../../../../../../Users/Max/Desktop/Unreal/TopDown/Content/TopDownBP/Maps/TopDownExampleMap.umap" TEMPLATE=0 SHOWPROGRESS=1 FEATURELEVEL=3
[2017.12.05-02.59.19:368][  0]LightingResults: New page: Lighting Build
[2017.12.05-02.59.19:454][  0]MapCheck: New page: Map Check
[2017.12.05-02.59.19:454][  0]LightingResults: New page: Lighting Build
[2017.12.05-02.59.20:853][  0]LogAIModule: Creating AISystem for world TopDownExampleMap
[2017.12.05-02.59.20:892][  0]LogEditorServer: Finished looking for orphan Actors (0.000 secs)
[2017.12.05-02.59.20:915][  0]Cmd: MAP CHECKDEP NOCLEARLOG
[2017.12.05-02.59.21:014][  0]MapCheck: Info Map check complete: 0 Error(s), 0 Warning(s), took 98.781ms to complete.
[2017.12.05-02.59.21:014][  0]LogFileHelpers: Loading map 'TopDownExampleMap' took 1.649
[2017.12.05-02.59.21:259][  0]LogStats:Warning: MetaData mismatch. Did you assign a stat to two groups? New //STATGROUP_Threads//SplashScreenThread///Thread_1b60_0///####STATCAT_Advanced#### old //STATGROUP_Threads//SplashScreenThread///Thread_2388_0///####STATCAT_Advanced####
[2017.12.05-02.59.21:259][  0]LogCollectionManager: Loaded 0 collections in 0.001900 seconds
[2017.12.05-02.59.21:394][  0]LogFileCache: Scanning file cache for directory 'C:/Users/Max/Desktop/Unreal/TopDown/Saved/Collections/' took 0.01s
[2017.12.05-02.59.21:394][  0]LogFileCache: Scanning file cache for directory 'C:/Users/Max/Desktop/Unreal/TopDown/Content/Developers/Max/Collections/' took 0.01s
[2017.12.05-02.59.21:394][  0]LogFileCache: Scanning file cache for directory 'C:/Users/Max/Desktop/Unreal/TopDown/Content/Collections/' took 0.01s
[2017.12.05-02.59.21:394][  0]LogCollectionManager: Rebuilt the GUID cache for 0 collections in 0.000003 seconds
[2017.12.05-02.59.21:419][  0]LogContentBrowser: Native class hierarchy populated in 0.0231 seconds. Added 2329 classes and 491 folders.
[2017.12.05-02.59.21:573][  0]LogContentBrowser: Native class hierarchy updated for 'WidgetCarousel' in 0.0012 seconds. Added 0 classes and 0 folders.
[2017.12.05-02.59.22:088][  0]LogContentBrowser: Native class hierarchy updated for 'AddContentDialog' in 0.0008 seconds. Added 0 classes and 0 folders.
[2017.12.05-02.59.22:171][  0]LogContentBrowser: Native class hierarchy updated for 'SceneOutliner' in 0.0012 seconds. Added 1 classes and 2 folders.
[2017.12.05-02.59.22:232][  0]LogCrashTracker: Crashtracker disabled due to settings.
[2017.12.05-02.59.22:248][  0]LogSlate: Took 0.006838 seconds to synchronously load lazily loaded font '../../../Engine/Content/Slate/Fonts/Roboto-Bold.ttf' (160K)
[2017.12.05-02.59.22:263][  0]LogSlate: Took 0.006791 seconds to synchronously load lazily loaded font '../../../Engine/Content/Editor/Slate/Fonts/FontAwesome.ttf' (139K)
[2017.12.05-02.59.22:547][  0]LogRenderer: Reallocating scene render targets to support 1208x652 NumSamples 1 (Frame:1).
[2017.12.05-02.59.22:779][  0]LogUObjectGlobals:Warning: Failed to find object 'Class None.'
[2017.12.05-02.59.22:872][  0]LogContentBrowser: Native class hierarchy updated for 'HierarchicalLODOutliner' in 0.0008 seconds. Added 1 classes and 2 folders.
[2017.12.05-02.59.22:872][  0]LogLoad: (Engine Initialization) Total time: 109.35 seconds
[2017.12.05-02.59.22:872][  0]LogLoad: (Engine Initialization) Total Blueprint compile time: 0.35 seconds
[2017.12.05-02.59.22:872][  0]LogExternalProfiler: No external profilers were discovered.  External profiling features will not be available.
[2017.12.05-02.59.22:882][  0]LogOcInput: OculusInput pre-init called
[2017.12.05-02.59.22:882][  0]LogHMD: Starting GearVRController plugin
[2017.12.05-02.59.22:911][  0]LogContentStreaming: Texture pool size now 1000 MB
[2017.12.05-02.59.22:992][  0]LogSlate: Took 0.006470 seconds to synchronously load lazily loaded font '../../../Engine/Content/Slate/Fonts/Roboto-Light.ttf' (159K)
[2017.12.05-02.59.23:010][  1]LogAssetRegistry: Asset discovery search completed in 89.8006 seconds
[2017.12.05-02.59.23:012][  1]LogCollectionManager: Rebuilt the object cache for 0 collections in 0.000001 seconds (found 0 objects)
[2017.12.05-02.59.23:012][  1]LogCollectionManager: Fixed up redirectors for 0 collections in 0.000034 seconds (updated 0 objects)
[2017.12.05-02.59.23:928][ 75]LogSlate: Took 0.000321 seconds to synchronously load lazily loaded font '../../../Engine/Content/Slate/Fonts/Roboto-Light.ttf' (159K)
[2017.12.05-03.01.58:051][341]LogSlate: Took 0.000250 seconds to synchronously load lazily loaded font '../../../Engine/Content/Slate/Fonts/Roboto-Light.ttf' (159K)
[2017.12.05-03.02.17:060][388]LogSlate: Took 0.000207 seconds to synchronously load lazily loaded font '../../../Engine/Content/Slate/Fonts/Roboto-Regular.ttf' (155K)
[2017.12.05-03.02.17:256][388]LogContentBrowser: Native class hierarchy updated for 'BlueprintGraph' in 0.0022 seconds. Added 112 classes and 0 folders.
[2017.12.05-03.02.18:611][388]LogSlate: Took 0.005812 seconds to synchronously load lazily loaded font '../../../Engine/Content/Editor/Slate/Fonts/Roboto-BoldCondensed.ttf' (158K)
[2017.12.05-03.02.20:145][464]LogSlate: Took 0.006882 seconds to synchronously load lazily loaded font '../../../Engine/Content/Editor/Slate/Fonts/Roboto-Italic.ttf' (157K)
[2017.12.05-03.02.28:441][943]BlueprintLog: New page: Compile BP_Ally
[2017.12.05-03.02.58:982][919]LogSlate: Took 0.005957 seconds to synchronously load lazily loaded font '../../../Engine/Content/Editor/Slate/Fonts/Roboto-BoldCondensedItalic.ttf' (160K)
[2017.12.05-03.03.52:369][239]BlueprintLog: New page: Compile BP_Enemy
[2017.12.05-03.07.30:202][801]LogEditorViewport: Clicking on Actor (LMB): PT_AllySpawn_C (PT_AllySpawn)
[2017.12.05-03.08.08:306][ 62]LogTemp: Repeting last play command: Selected Viewport
[2017.12.05-03.08.08:374][ 62]LogBlueprintUserMessages: Early PlayInEditor Detection: Level '/Game/TopDownBP/Maps/TopDownExampleMap.TopDownExampleMap:PersistentLevel' has LevelScriptBlueprint '/Game/TopDownBP/Maps/TopDownExampleMap.TopDownExampleMap:PersistentLevel.TopDownExampleMap' with GeneratedClass '/Game/TopDownBP/Maps/TopDownExampleMap.TopDownExampleMap_C' with ClassGeneratedBy '/Game/TopDownBP/Maps/TopDownExampleMap.TopDownExampleMap:PersistentLevel.TopDownExampleMap'
[2017.12.05-03.08.08:374][ 62]BlueprintLog: New page: Pre-Play auto-recompile
[2017.12.05-03.08.08:374][ 62]LogPlayLevel: [PlayLevel] Compiling BP_Ally before play...
[2017.12.05-03.08.08:788][ 62]LogPlayLevel: PlayLevel: Blueprint regeneration took 414 ms (1 blueprints)
[2017.12.05-03.08.08:789][ 62]PIE: New page: PIE session: TopDownExampleMap (Dec 4, 2017, 5:08:08 PM)
[2017.12.05-03.08.08:789][ 62]LogPlayLevel: Creating play world package: /Game/TopDownBP/Maps/UEDPIE_0_TopDownExampleMap
[2017.12.05-03.08.08:835][ 62]LogPlayLevel: PIE: StaticDuplicateObject took: (0.045643s)
[2017.12.05-03.08.08:837][ 62]LogAIModule: Creating AISystem for world TopDownExampleMap
[2017.12.05-03.08.08:837][ 62]LogPlayLevel: PIE: World Init took: (0.002079s)
[2017.12.05-03.08.08:838][ 62]LogPlayLevel: PIE: Created PIE world by copying editor world from /Game/TopDownBP/Maps/TopDownExampleMap.TopDownExampleMap to /Game/TopDownBP/Maps/UEDPIE_0_TopDownExampleMap.TopDownExampleMap (0.048247s)
[2017.12.05-03.08.08:889][ 62]LogInit: XAudio2 using 'Headset Earphone (HyperX 7.1 Audio)' : 2 channels at 48 kHz using 16 bits per sample (channel mask 0x3)
[2017.12.05-03.08.08:903][ 62]LogInit: FAudioDevice initialized.
[2017.12.05-03.08.08:972][ 62]LogLoad: Game class is 'TopDownGameMode_C'
[2017.12.05-03.08.08:979][ 62]LogWorld: Bringing World /Game/TopDownBP/Maps/UEDPIE_0_TopDownExampleMap.TopDownExampleMap up for play (max tick rate 0) at 2017.12.04-22.08.08
[2017.12.05-03.08.08:980][ 62]LogWorld: Bringing up level for play took: 0.004785
[2017.12.05-03.08.09:052][ 62]LogContentBrowser: Native class hierarchy updated for 'MovieSceneCapture' in 0.0009 seconds. Added 11 classes and 0 folders.
[2017.12.05-03.08.09:054][ 62]LogBlueprintUserMessages: [PT_AllySpawn_131] Hello
[2017.12.05-03.08.09:056][ 62]LogBlueprintUserMessages: [PT_AllySpawn2_671] Hello
[2017.12.05-03.08.09:059][ 62]PIE: Info Play in editor start time for /Game/TopDownBP/Maps/UEDPIE_0_TopDownExampleMap 0.524
[2017.12.05-03.08.09:059][ 62]LogBlueprintUserMessages: Late PlayInEditor Detection: Level '/Game/TopDownBP/Maps/TopDownExampleMap.TopDownExampleMap:PersistentLevel' has LevelScriptBlueprint '/Game/TopDownBP/Maps/TopDownExampleMap.TopDownExampleMap:PersistentLevel.TopDownExampleMap' with GeneratedClass '/Game/TopDownBP/Maps/TopDownExampleMap.TopDownExampleMap_C' with ClassGeneratedBy '/Game/TopDownBP/Maps/TopDownExampleMap.TopDownExampleMap:PersistentLevel.TopDownExampleMap'
[2017.12.05-03.08.17:184][472]LogBlueprintUserMessages: Early EndPlayMap Detection: Level '/Game/TopDownBP/Maps/TopDownExampleMap.TopDownExampleMap:PersistentLevel' has LevelScriptBlueprint '/Game/TopDownBP/Maps/TopDownExampleMap.TopDownExampleMap:PersistentLevel.TopDownExampleMap' with GeneratedClass '/Game/TopDownBP/Maps/TopDownExampleMap.TopDownExampleMap_C' with ClassGeneratedBy '/Game/TopDownBP/Maps/TopDownExampleMap.TopDownExampleMap:PersistentLevel.TopDownExampleMap'
[2017.12.05-03.08.17:228][472]LogBlueprintUserMessages: Late EndPlayMap Detection: Level '/Game/TopDownBP/Maps/TopDownExampleMap.TopDownExampleMap:PersistentLevel' has LevelScriptBlueprint '/Game/TopDownBP/Maps/TopDownExampleMap.TopDownExampleMap:PersistentLevel.TopDownExampleMap' with GeneratedClass '/Game/TopDownBP/Maps/TopDownExampleMap.TopDownExampleMap_C' with ClassGeneratedBy '/Game/TopDownBP/Maps/TopDownExampleMap.TopDownExampleMap:PersistentLevel.TopDownExampleMap'
[2017.12.05-03.08.22:752][773]BlueprintLog: New page: Compile PT_AllySpawn
[2017.12.05-03.12.03:451][883]LogSavePackage: Save=282.94ms
[2017.12.05-03.12.03:451][883]LogSavePackage: Moving '../../../../../../Users/Max/Desktop/Unreal/TopDown/Saved/TopDownExampleMap_Auto1C1B3F2FA49EB6564193EA9832B9D5919.tmp' to '../../../../../../Users/Max/Desktop/Unreal/TopDown/Saved/Autosaves/Game/TopDownBP/Maps/TopDownExampleMap_Auto1.umap'
[2017.12.05-03.12.03:454][883]LogSavePackage:Display: Finished SavePackage ../../../../../../Users/Max/Desktop/Unreal/TopDown/Saved/Autosaves/Game/TopDownBP/Maps/TopDownExampleMap_Auto1.umap
[2017.12.05-03.12.03:457][883]LogFileHelpers: Editor autosave (incl. sublevels) for '/Game/TopDownBP/Maps/TopDownExampleMap' took 0.355
[2017.12.05-03.12.03:457][883]LogFileHelpers: Editor autosave (incl. sublevels) for all levels took 0.355
[2017.12.05-03.12.03:459][883]OBJ SavePackage: Generating thumbnails for [0] asset(s) in package [/Game/TopDownBP/Blueprints/SpawnPts/PT_AllySpawn] ([1] browsable assets)...
[2017.12.05-03.12.03:459][883]OBJ SavePackage: Finished generating thumbnails for package [/Game/TopDownBP/Blueprints/SpawnPts/PT_AllySpawn]
[2017.12.05-03.12.03:512][883]LogSavePackage: Save=37.64ms
[2017.12.05-03.12.03:512][883]LogSavePackage: Moving '../../../../../../Users/Max/Desktop/Unreal/TopDown/Saved/PT_AllySpawn_Auto164F0EBFD463E0AC206C5589B2F01FD7D.tmp' to '../../../../../../Users/Max/Desktop/Unreal/TopDown/Saved/Autosaves/Game/TopDownBP/Blueprints/SpawnPts/PT_AllySpawn_Auto1.uasset'
[2017.12.05-03.12.03:513][883]LogSavePackage:Display: Finished SavePackage ../../../../../../Users/Max/Desktop/Unreal/TopDown/Saved/Autosaves/Game/TopDownBP/Blueprints/SpawnPts/PT_AllySpawn_Auto1.uasset
[2017.12.05-03.12.03:514][883]OBJ SavePackage: Generating thumbnails for [1] asset(s) in package [/Game/TopDownBP/Blueprints/Ally/BP_Ally] ([1] browsable assets)...
[2017.12.05-03.12.03:536][883]OBJ SavePackage:     Rendered thumbnail for [Blueprint /Game/TopDownBP/Blueprints/Ally/BP_Ally.BP_Ally]
[2017.12.05-03.12.03:536][883]OBJ SavePackage: Finished generating thumbnails for package [/Game/TopDownBP/Blueprints/Ally/BP_Ally]
[2017.12.05-03.12.03:583][883]LogSavePackage: Save=32.96ms
[2017.12.05-03.12.03:583][883]LogSavePackage: Moving '../../../../../../Users/Max/Desktop/Unreal/TopDown/Saved/BP_Ally_Auto180D3498841C19B74AC39BD901373A557.tmp' to '../../../../../../Users/Max/Desktop/Unreal/TopDown/Saved/Autosaves/Game/TopDownBP/Blueprints/Ally/BP_Ally_Auto1.uasset'
[2017.12.05-03.12.03:585][883]LogSavePackage:Display: Finished SavePackage ../../../../../../Users/Max/Desktop/Unreal/TopDown/Saved/Autosaves/Game/TopDownBP/Blueprints/Ally/BP_Ally_Auto1.uasset
[2017.12.05-03.12.03:586][883]OBJ SavePackage: Generating thumbnails for [0] asset(s) in package [/Game/TopDownBP/Blueprints/Ally/BP_Ally_Ctrl] ([1] browsable assets)...
[2017.12.05-03.12.03:586][883]OBJ SavePackage: Finished generating thumbnails for package [/Game/TopDownBP/Blueprints/Ally/BP_Ally_Ctrl]
[2017.12.05-03.12.03:626][883]LogSavePackage: Save=25.12ms
[2017.12.05-03.12.03:626][883]LogSavePackage: Moving '../../../../../../Users/Max/Desktop/Unreal/TopDown/Saved/BP_Ally_Ctrl_Auto1E722C0B14BAEFE8618DF53BF4D33C070.tmp' to '../../../../../../Users/Max/Desktop/Unreal/TopDown/Saved/Autosaves/Game/TopDownBP/Blueprints/Ally/BP_Ally_Ctrl_Auto1.uasset'
[2017.12.05-03.12.03:627][883]LogSavePackage:Display: Finished SavePackage ../../../../../../Users/Max/Desktop/Unreal/TopDown/Saved/Autosaves/Game/TopDownBP/Blueprints/Ally/BP_Ally_Ctrl_Auto1.uasset
[2017.12.05-03.12.03:628][883]OBJ SavePackage: Generating thumbnails for [1] asset(s) in package [/Game/TopDownBP/Blueprints/Enemy/BP_Enemy] ([1] browsable assets)...
[2017.12.05-03.12.03:659][883]OBJ SavePackage:     Rendered thumbnail for [Blueprint /Game/TopDownBP/Blueprints/Enemy/BP_Enemy.BP_Enemy]
[2017.12.05-03.12.03:659][883]OBJ SavePackage: Finished generating thumbnails for package [/Game/TopDownBP/Blueprints/Enemy/BP_Enemy]
[2017.12.05-03.12.03:721][883]LogSavePackage: Save=36.77ms
[2017.12.05-03.12.03:721][883]LogSavePackage: Moving '../../../../../../Users/Max/Desktop/Unreal/TopDown/Saved/BP_Enemy_Auto14B0292E04E7D85AF2F3A179D275AD339.tmp' to '../../../../../../Users/Max/Desktop/Unreal/TopDown/Saved/Autosaves/Game/TopDownBP/Blueprints/Enemy/BP_Enemy_Auto1.uasset'
[2017.12.05-03.12.03:723][883]LogSavePackage:Display: Finished SavePackage ../../../../../../Users/Max/Desktop/Unreal/TopDown/Saved/Autosaves/Game/TopDownBP/Blueprints/Enemy/BP_Enemy_Auto1.uasset
[2017.12.05-03.12.03:724][883]OBJ SavePackage: Generating thumbnails for [0] asset(s) in package [/Game/TopDownBP/Blueprints/Components/SpawnComponent] ([1] browsable assets)...
[2017.12.05-03.12.03:724][883]OBJ SavePackage: Finished generating thumbnails for package [/Game/TopDownBP/Blueprints/Components/SpawnComponent]
[2017.12.05-03.12.03:747][883]LogSavePackage: Save=18.39ms
[2017.12.05-03.12.03:747][883]LogSavePackage: Moving '../../../../../../Users/Max/Desktop/Unreal/TopDown/Saved/SpawnComponent_Auto1260A8228413A1750C89115A8D3DB4D92.tmp' to '../../../../../../Users/Max/Desktop/Unreal/TopDown/Saved/Autosaves/Game/TopDownBP/Blueprints/Components/SpawnComponent_Auto1.uasset'
[2017.12.05-03.12.03:749][883]LogSavePackage:Display: Finished SavePackage ../../../../../../Users/Max/Desktop/Unreal/TopDown/Saved/Autosaves/Game/TopDownBP/Blueprints/Components/SpawnComponent_Auto1.uasset
[2017.12.05-03.12.03:750][883]OBJ SavePackage: Generating thumbnails for [0] asset(s) in package [/Game/TopDownBP/Blueprints/Ally/NewInterface] ([1] browsable assets)...
[2017.12.05-03.12.03:750][883]OBJ SavePackage: Finished generating thumbnails for package [/Game/TopDownBP/Blueprints/Ally/NewInterface]
[2017.12.05-03.12.03:764][883]LogSavePackage: Save=11.05ms
[2017.12.05-03.12.03:764][883]LogSavePackage: Moving '../../../../../../Users/Max/Desktop/Unreal/TopDown/Saved/NewInterface_Auto154435C0A4E82880413E22DB579804D2C.tmp' to '../../../../../../Users/Max/Desktop/Unreal/TopDown/Saved/Autosaves/Game/TopDownBP/Blueprints/Ally/NewInterface_Auto1.uasset'
[2017.12.05-03.12.03:767][883]LogSavePackage:Display: Finished SavePackage ../../../../../../Users/Max/Desktop/Unreal/TopDown/Saved/Autosaves/Game/TopDownBP/Blueprints/Ally/NewInterface_Auto1.uasset
[2017.12.05-03.12.03:767][883]LogFileHelpers: Auto-saving content packages took 0.309
[2017.12.05-03.12.10:676][265]LogMetaData: Removing '/Game/TopDownBP/Blueprints/Ally/I_Spawn.SKEL_I_Spawn_C' ref from Metadata '/Game/TopDownBP/Blueprints/Ally/NewInterface.PackageMetaData'
[2017.12.05-03.12.10:676][265]LogMetaData: Removing '/Game/TopDownBP/Blueprints/Ally/I_Spawn.I_Spawn_C' ref from Metadata '/Game/TopDownBP/Blueprints/Ally/NewInterface.PackageMetaData'
[2017.12.05-03.12.10:715][265]Cmd: OBJ SAVEPACKAGE PACKAGE="/Game/TopDownBP/Blueprints/Ally/I_Spawn" FILE="../../../../../../Users/Max/Desktop/Unreal/TopDown/Content/TopDownBP/Blueprints/Ally/I_Spawn.uasset" SILENT=true
[2017.12.05-03.12.10:727][265]LogSavePackage: Save=8.09ms
[2017.12.05-03.12.10:727][265]LogSavePackage: Moving '../../../../../../Users/Max/Desktop/Unreal/TopDown/Saved/I_Spawn6EA169C745336B9DF8641D832D003C1E.tmp' to '../../../../../../Users/Max/Desktop/Unreal/TopDown/Content/TopDownBP/Blueprints/Ally/I_Spawn.uasset'
[2017.12.05-03.12.10:731][265]LogSavePackage:Display: Finished SavePackage ../../../../../../Users/Max/Desktop/Unreal/TopDown/Content/TopDownBP/Blueprints/Ally/I_Spawn.uasset
[2017.12.05-03.13.25:430][310]BlueprintLog: New page: Compile I_Spawn
[2017.12.05-03.13.40:033][257]BlueprintLog: New page: Compile I_Spawn
[2017.12.05-03.13.52:326][ 24]BlueprintLog: New page: Compile PT_AllySpawn
[2017.12.05-03.13.54:641][114]LogSlate:Warning: Prevented a slow task dialog from being summoned while a context menu was open
[2017.12.05-03.13.56:380][200]LogBlueprint:Error: [PT_AllySpawn] ImplementNewInterface: Blueprint '/Game/TopDownBP/Blueprints/SpawnPts/PT_AllySpawn.PT_AllySpawn' has a function or graph which conflicts with the function Spawn in the interface called 'I_Spawn_C'
[2017.12.05-03.13.59:827][386]LogBlueprint:Error: [PT_AllySpawn] ImplementNewInterface: Blueprint '/Game/TopDownBP/Blueprints/SpawnPts/PT_AllySpawn.PT_AllySpawn' has a function or graph which conflicts with the function Spawn in the interface called 'I_Spawn_C'
[2017.12.05-03.14.06:399][772]BlueprintLog: New page: Compile I_Spawn
[2017.12.05-03.14.16:735][356]BlueprintLog: New page: Compile PT_AllySpawn
[2017.12.05-03.14.20:279][507]LogSlate:Warning: Prevented a slow task dialog from being summoned while a context menu was open
[2017.12.05-03.14.23:005][650]LogBlueprint:Error: [PT_AllySpawn] ImplementNewInterface: Blueprint '/Game/TopDownBP/Blueprints/SpawnPts/PT_AllySpawn.PT_AllySpawn' has a function or graph which conflicts with the function Spawn in the interface called 'I_Spawn_C'
[2017.12.05-03.14.29:694][  8]LogBlueprint:Error: [PT_AllySpawn] ImplementNewInterface: Blueprint '/Game/TopDownBP/Blueprints/SpawnPts/PT_AllySpawn.PT_AllySpawn' has a function or graph which conflicts with the function Spawn in the interface called 'I_Spawn_C'
[2017.12.05-03.14.39:935][559]LogBlueprint:Error: [PT_AllySpawn] ImplementNewInterface: Blueprint '/Game/TopDownBP/Blueprints/SpawnPts/PT_AllySpawn.PT_AllySpawn' has a function or graph which conflicts with the function Spawn in the interface called 'I_Spawn_C'
[2017.12.05-03.14.44:990][766]Cmd: OBJ SAVEPACKAGE PACKAGE="/Game/TopDownBP/Blueprints/Ally/BP_Ally" FILE="../../../../../../Users/Max/Desktop/Unreal/TopDown/Content/TopDownBP/Blueprints/Ally/BP_Ally.uasset" SILENT=true
[2017.12.05-03.14.45:034][766]LogSavePackage: Save=33.41ms
[2017.12.05-03.14.45:034][766]LogSavePackage: Moving '../../../../../../Users/Max/Desktop/Unreal/TopDown/Saved/BP_Ally480895B44AD6A7D2913E788D77966692.tmp' to '../../../../../../Users/Max/Desktop/Unreal/TopDown/Content/TopDownBP/Blueprints/Ally/BP_Ally.uasset'
[2017.12.05-03.14.45:052][766]LogSavePackage:Display: Finished SavePackage ../../../../../../Users/Max/Desktop/Unreal/TopDown/Content/TopDownBP/Blueprints/Ally/BP_Ally.uasset
[2017.12.05-03.14.45:060][766]Cmd: OBJ SAVEPACKAGE PACKAGE="/Game/TopDownBP/Blueprints/Ally/BP_Ally_Ctrl" FILE="../../../../../../Users/Max/Desktop/Unreal/TopDown/Content/TopDownBP/Blueprints/Ally/BP_Ally_Ctrl.uasset" SILENT=true
[2017.12.05-03.14.45:094][766]LogSavePackage: Save=25.40ms
[2017.12.05-03.14.45:094][766]LogSavePackage: Moving '../../../../../../Users/Max/Desktop/Unreal/TopDown/Saved/BP_Ally_CtrlB61C148942DC28E212F7158B1D20FCB4.tmp' to '../../../../../../Users/Max/Desktop/Unreal/TopDown/Content/TopDownBP/Blueprints/Ally/BP_Ally_Ctrl.uasset'
[2017.12.05-03.14.45:104][766]LogSavePackage:Display: Finished SavePackage ../../../../../../Users/Max/Desktop/Unreal/TopDown/Content/TopDownBP/Blueprints/Ally/BP_Ally_Ctrl.uasset
[2017.12.05-03.14.45:113][766]Cmd: OBJ SAVEPACKAGE PACKAGE="/Game/TopDownBP/Blueprints/Ally/I_Spawn" FILE="../../../../../../Users/Max/Desktop/Unreal/TopDown/Content/TopDownBP/Blueprints/Ally/I_Spawn.uasset" SILENT=true
[2017.12.05-03.14.45:135][766]LogSavePackage: Save=11.93ms
[2017.12.05-03.14.45:135][766]LogSavePackage: Moving '../../../../../../Users/Max/Desktop/Unreal/TopDown/Saved/I_Spawn7217AE7F4DCE0CA44BCCF69BDE339844.tmp' to '../../../../../../Users/Max/Desktop/Unreal/TopDown/Content/TopDownBP/Blueprints/Ally/I_Spawn.uasset'
[2017.12.05-03.14.45:139][766]LogSavePackage:Display: Finished SavePackage ../../../../../../Users/Max/Desktop/Unreal/TopDown/Content/TopDownBP/Blueprints/Ally/I_Spawn.uasset
[2017.12.05-03.14.45:157][766]LogSavePackage: Save=11.33ms
[2017.12.05-03.14.45:157][766]LogSavePackage: Moving '../../../../../../Users/Max/Desktop/Unreal/TopDown/Saved/SpawnComponent171FC85A4BB7C772CAC471B257368AF3.tmp' to '../../../../../../Users/Max/Desktop/Unreal/TopDown/Content/TopDownBP/Blueprints/Components/SpawnComponent.uasset'
[2017.12.05-03.14.45:167][766]LogSavePackage:Display: Finished SavePackage ../../../../../../Users/Max/Desktop/Unreal/TopDown/Content/TopDownBP/Blueprints/Components/SpawnComponent.uasset
[2017.12.05-03.14.45:191][766]Cmd: OBJ SAVEPACKAGE PACKAGE="/Game/TopDownBP/Blueprints/Enemy/BP_Enemy" FILE="../../../../../../Users/Max/Desktop/Unreal/TopDown/Content/TopDownBP/Blueprints/Enemy/BP_Enemy.uasset" SILENT=true
[2017.12.05-03.14.45:231][766]LogSavePackage: Save=31.82ms
[2017.12.05-03.14.45:231][766]LogSavePackage: Moving '../../../../../../Users/Max/Desktop/Unreal/TopDown/Saved/BP_Enemy663BDF904F261E75B97C218FFDF28E93.tmp' to '../../../../../../Users/Max/Desktop/Unreal/TopDown/Content/TopDownBP/Blueprints/Enemy/BP_Enemy.uasset'
[2017.12.05-03.14.45:239][766]LogSavePackage:Display: Finished SavePackage ../../../../../../Users/Max/Desktop/Unreal/TopDown/Content/TopDownBP/Blueprints/Enemy/BP_Enemy.uasset
[2017.12.05-03.14.45:300][766]LogSavePackage: Save=49.25ms
[2017.12.05-03.14.45:300][766]LogSavePackage: Moving '../../../../../../Users/Max/Desktop/Unreal/TopDown/Saved/PT_AllySpawn74B984F6448DC0B9A8B8BBA0E7C8C017.tmp' to '../../../../../../Users/Max/Desktop/Unreal/TopDown/Content/TopDownBP/Blueprints/SpawnPts/PT_AllySpawn.uasset'
[2017.12.05-03.14.45:312][766]LogSavePackage:Display: Finished SavePackage ../../../../../../Users/Max/Desktop/Unreal/TopDown/Content/TopDownBP/Blueprints/SpawnPts/PT_AllySpawn.uasset
[2017.12.05-03.14.45:705][766]LogSavePackage: Save=252.33ms
[2017.12.05-03.14.45:705][766]LogSavePackage: Moving '../../../../../../Users/Max/Desktop/Unreal/TopDown/Saved/TopDownExampleMap8CA982754049B7F097A476A67326F03E.tmp' to '../../../../../../Users/Max/Desktop/Unreal/TopDown/Content/TopDownBP/Maps/TopDownExampleMap.umap'
[2017.12.05-03.14.45:710][766]LogSavePackage:Display: Finished SavePackage ../../../../../../Users/Max/Desktop/Unreal/TopDown/Content/TopDownBP/Maps/TopDownExampleMap.umap
[2017.12.05-03.14.45:750][766]LogFileHelpers: Saving map 'TopDownExampleMap' took 0.433
[2017.12.05-03.14.48:889][927]LogActorComponent: UnregisterComponent: (/Engine/Transient.EditorFloorComp) Not registered. Aborting.
[2017.12.05-03.14.48:956][927]LogActorComponent: UnregisterComponent: (/Engine/Transient.EditorFloorComp) Not registered. Aborting.
[2017.12.05-03.14.49:019][927]LogActorComponent: UnregisterComponent: (/Engine/Transient.EditorFloorComp) Not registered. Aborting.
[2017.12.05-03.14.49:092][927]LogWindowsTextInputMethodSystem:Display: IME system now deactivated.
[2017.12.05-03.14.49:351][928]Cmd: QUIT_EDITOR
[2017.12.05-03.14.50:199][928]LogExit: Preparing to exit.
[2017.12.05-03.14.50:594][928]LogDirectoryWatcher: A directory notification for 'C:/Users/Max/Desktop/Unreal/TopDown/Content/' was aborted.
[2017.12.05-03.14.50:638][928]LogExit: Editor shut down
[2017.12.05-03.14.50:645][928]LogExit: Transaction tracking system shut down
[2017.12.05-03.14.50:792][928]LogObj: Freed 0b from 0 cluster array pools.
[2017.12.05-03.14.50:793][928]LogExit: Object subsystem successfully closed.
[2017.12.05-03.14.50:817][928]LogD3D11RHI: Shutdown
[2017.12.05-03.14.50:817][928]LogD3D11RHI: CleanupD3DDevice
[2017.12.05-03.14.50:912][928]LogD3D11RHI: ~FD3D11DynamicRHI
[2017.12.05-03.14.50:955][928]LogModuleManager: Shutting down and abandoning module MovieSceneCapture (530)
[2017.12.05-03.14.50:955][928]LogModuleManager: Shutting down and abandoning module BlueprintGraph (528)
[2017.12.05-03.14.50:955][928]LogModuleManager: Shutting down and abandoning module BlueprintProfiler (526)
[2017.12.05-03.14.50:955][928]LogModuleManager: Shutting down and abandoning module HierarchicalLODOutliner (524)
[2017.12.05-03.14.50:955][928]LogModuleManager: Shutting down and abandoning module CrashTracker (522)
[2017.12.05-03.14.50:955][928]LogModuleManager: Shutting down and abandoning module SceneOutliner (520)
[2017.12.05-03.14.50:955][928]LogModuleManager: Shutting down and abandoning module AddContentDialog (518)
[2017.12.05-03.14.50:955][928]LogDirectoryWatcher: A directory notification for 'C:/Program Files/Epic Games/UE_4.16/FeaturePacks/' was aborted.
[2017.12.05-03.14.50:957][928]LogModuleManager: Shutting down and abandoning module WidgetCarousel (517)
[2017.12.05-03.14.50:957][928]LogModuleManager: Shutting down and abandoning module EditorWidgets (514)
[2017.12.05-03.14.50:957][928]LogModuleManager: Shutting down and abandoning module CollectionManager (512)
[2017.12.05-03.14.50:957][928]LogDirectoryWatcher: A directory notification for 'C:/Users/Max/Desktop/Unreal/TopDown/Content/Collections/' was aborted.
[2017.12.05-03.14.50:957][928]LogDirectoryWatcher: A directory notification for 'C:/Users/Max/Desktop/Unreal/TopDown/Content/Developers/Max/Collections/' was aborted.
[2017.12.05-03.14.50:957][928]LogDirectoryWatcher: A directory notification for 'C:/Users/Max/Desktop/Unreal/TopDown/Saved/Collections/' was aborted.
[2017.12.05-03.14.50:957][928]LogModuleManager: Shutting down and abandoning module StatsViewer (510)
[2017.12.05-03.14.50:957][928]LogModuleManager: Shutting down and abandoning module FoliageEdit (508)
[2017.12.05-03.14.50:957][928]LogModuleManager: Shutting down and abandoning module LandscapeEditor (506)
[2017.12.05-03.14.50:957][928]LogModuleManager: Shutting down and abandoning module MeshPaintMode (504)
[2017.12.05-03.14.50:957][928]LogModuleManager: Shutting down and abandoning module SceneDepthPickerMode (502)
[2017.12.05-03.14.50:957][928]LogModuleManager: Shutting down and abandoning module ActorPickerMode (500)
[2017.12.05-03.14.50:957][928]LogModuleManager: Shutting down and abandoning module GeometryMode (498)
[2017.12.05-03.14.50:957][928]LogModuleManager: Shutting down and abandoning module TextureAlignMode (496)
[2017.12.05-03.14.50:957][928]LogModuleManager: Shutting down and abandoning module BspMode (494)
[2017.12.05-03.14.50:958][928]LogModuleManager: Shutting down and abandoning module HardwareSurvey (492)
[2017.12.05-03.14.50:958][928]LogModuleManager: Shutting down and abandoning module SequenceRecorderSections (490)
[2017.12.05-03.14.50:958][928]LogModuleManager: Shutting down and abandoning module AutomationWorker (488)
[2017.12.05-03.14.50:958][928]LogModuleManager: Shutting down and abandoning module MatineeToLevelSequence (486)
[2017.12.05-03.14.50:958][928]LogModuleManager: Shutting down and abandoning module LevelSequenceEditor (484)
[2017.12.05-03.14.50:958][928]LogModuleManager: Shutting down and abandoning module PlacementMode (483)
[2017.12.05-03.14.50:958][928]LogModuleManager: Shutting down and abandoning module WmfMediaFactory (480)
[2017.12.05-03.14.50:958][928]LogModuleManager: Shutting down and abandoning module WmfMediaEditor (478)
[2017.12.05-03.14.50:958][928]LogModuleManager: Shutting down and abandoning module AvfMediaFactory (476)
[2017.12.05-03.14.50:958][928]LogModuleManager: Shutting down and abandoning module AvfMediaEditor (474)
[2017.12.05-03.14.50:958][928]LogModuleManager: Shutting down and abandoning module AndroidMediaFactory (472)
[2017.12.05-03.14.50:958][928]LogModuleManager: Shutting down and abandoning module Media (471)
[2017.12.05-03.14.50:958][928]LogModuleManager: Shutting down and abandoning module AndroidMediaEditor (468)
[2017.12.05-03.14.50:958][928]LogModuleManager: Shutting down and abandoning module CharacterAI (466)
[2017.12.05-03.14.50:958][928]LogModuleManager: Shutting down and abandoning module AudioCapture (464)
[2017.12.05-03.14.50:958][928]LogModuleManager: Shutting down and abandoning module SequenceRecorder (463)
[2017.12.05-03.14.50:958][928]LogModuleManager: Shutting down and abandoning module SmartSnapping (460)
[2017.12.05-03.14.50:958][928]LogModuleManager: Shutting down and abandoning module SessionServices (458)
[2017.12.05-03.14.50:958][928]LogModuleManager: Shutting down and abandoning module ViewportSnapping (456)
[2017.12.05-03.14.50:958][928]LogModuleManager: Shutting down and abandoning module ViewportInteraction (454)
[2017.12.05-03.14.50:958][928]LogModuleManager: Shutting down and abandoning module ClothPainter (452)
[2017.12.05-03.14.50:959][928]LogModuleManager: Shutting down and abandoning module LogVisualizer (450)
[2017.12.05-03.14.50:959][928]LogModuleManager: Shutting down and abandoning module IntroTutorials (448)
[2017.12.05-03.14.50:960][928]LogModuleManager: Shutting down and abandoning module GameProjectGeneration (447)
[2017.12.05-03.14.50:960][928]LogModuleManager: Shutting down and abandoning module EditorLiveStreaming (444)
[2017.12.05-03.14.50:960][928]LogModuleManager: Shutting down and abandoning module IOSPlatformEditor (442)
[2017.12.05-03.14.50:961][928]LogModuleManager: Shutting down and abandoning module HTML5PlatformEditor (440)
[2017.12.05-03.14.50:961][928]LogModuleManager: Shutting down and abandoning module AndroidPlatformEditor (438)
[2017.12.05-03.14.50:961][928]LogModuleManager: Shutting down and abandoning module AndroidDeviceDetection (437)
[2017.12.05-03.14.51:316][928]LogModuleManager: Shutting down and abandoning module IOSRuntimeSettings (434)
[2017.12.05-03.14.51:316][928]LogModuleManager: Shutting down and abandoning module AndroidRuntimeSettings (432)
[2017.12.05-03.14.51:316][928]LogModuleManager: Shutting down and abandoning module InputBindingEditor (430)
[2017.12.05-03.14.51:317][928]LogModuleManager: Shutting down and abandoning module MergeActors (428)
[2017.12.05-03.14.51:318][928]LogModuleManager: Shutting down and abandoning module SizeMap (426)
[2017.12.05-03.14.51:318][928]LogModuleManager: Shutting down and abandoning module TreeMap (424)
[2017.12.05-03.14.51:318][928]LogModuleManager: Shutting down and abandoning module ReferenceViewer (422)
[2017.12.05-03.14.51:318][928]LogModuleManager: Shutting down and abandoning module LocalizationDashboard (420)
[2017.12.05-03.14.51:318][928]LogModuleManager: Shutting down and abandoning module LocalizationService (419)
[2017.12.05-03.14.51:318][928]LogModuleManager: Shutting down and abandoning module HardwareTargeting (416)
[2017.12.05-03.14.51:318][928]LogModuleManager: Shutting down and abandoning module DeviceProfileEditor (414)
[2017.12.05-03.14.51:318][928]LogModuleManager: Shutting down and abandoning module UndoHistory (412)
[2017.12.05-03.14.51:318][928]LogModuleManager: Shutting down and abandoning module UserFeedback (410)
[2017.12.05-03.14.51:318][928]LogModuleManager: Shutting down and abandoning module XmlParser (408)
[2017.12.05-03.14.51:318][928]LogModuleManager: Shutting down and abandoning module Blutility (406)
[2017.12.05-03.14.51:318][928]LogModuleManager: Shutting down and abandoning module ProjectSettingsViewer (404)
[2017.12.05-03.14.51:319][928]LogModuleManager: Shutting down and abandoning module ProjectTargetPlatformEditor (403)
[2017.12.05-03.14.51:319][928]LogModuleManager: Shutting down and abandoning module EditorSettingsViewer (400)
[2017.12.05-03.14.51:319][928]LogModuleManager: Shutting down and abandoning module SettingsEditor (398)
[2017.12.05-03.14.51:319][928]LogModuleManager: Shutting down and abandoning module ProjectLauncher (396)
[2017.12.05-03.14.51:319][928]LogModuleManager: Shutting down and abandoning module SessionFrontend (394)
[2017.12.05-03.14.51:319][928]LogModuleManager: Shutting down and abandoning module ProfilerClient (392)
[2017.12.05-03.14.51:320][928]LogModuleManager: Shutting down and abandoning module DeviceManager (390)
[2017.12.05-03.14.51:320][928]LogModuleManager: Shutting down and abandoning module TargetDeviceServices (389)
[2017.12.05-03.14.51:375][928]LogModuleManager: Shutting down and abandoning module AutomationController (386)
[2017.12.05-03.14.51:375][928]LogModuleManager: Shutting down and abandoning module AutomationWindow (384)
[2017.12.05-03.14.51:375][928]LogModuleManager: Shutting down and abandoning module Layers (382)
[2017.12.05-03.14.51:376][928]LogModuleManager: Shutting down and abandoning module ComponentVisualizers (380)
[2017.12.05-03.14.51:376][928]LogModuleManager: Shutting down and abandoning module DetailCustomizations (378)
[2017.12.05-03.14.51:376][928]LogModuleManager: Shutting down and abandoning module PackagesDialog (376)
[2017.12.05-03.14.51:376][928]LogModuleManager: Shutting down and abandoning module Persona (374)
[2017.12.05-03.14.51:377][928]LogModuleManager: Shutting down and abandoning module AdvancedPreviewScene (373)
[2017.12.05-03.14.51:377][928]LogModuleManager: Shutting down and abandoning module AnimGraph (371)
[2017.12.05-03.14.51:377][928]LogModuleManager: Shutting down and abandoning module Kismet (368)
[2017.12.05-03.14.51:385][928]LogModuleManager: Shutting down and abandoning module ClassViewer (366)
[2017.12.05-03.14.51:387][928]LogModuleManager: Shutting down and abandoning module Toolbox (364)
[2017.12.05-03.14.51:387][928]LogModuleManager: Shutting down and abandoning module ModuleUI (362)
[2017.12.05-03.14.51:388][928]LogModuleManager: Shutting down and abandoning module MovieSceneTools (360)
[2017.12.05-03.14.51:388][928]LogModuleManager: Shutting down and abandoning module OutputLog (358)
[2017.12.05-03.14.51:388][928]LogModuleManager: Shutting down and abandoning module GammaUI (356)
[2017.12.05-03.14.51:388][928]LogModuleManager: Shutting down and abandoning module Documentation (354)
[2017.12.05-03.14.51:388][928]LogModuleManager: Shutting down and abandoning module MovieSceneTracks (352)
[2017.12.05-03.14.51:388][928]LogModuleManager: Shutting down and abandoning module MovieScene (350)
[2017.12.05-03.14.51:388][928]LogModuleManager: Shutting down and abandoning module Niagara (348)
[2017.12.05-03.14.51:388][928]LogModuleManager: Shutting down and abandoning module NiagaraEditor (347)
[2017.12.05-03.14.51:389][928]LogModuleManager: Shutting down and abandoning module StreamingPauseRendering (344)
[2017.12.05-03.14.51:389][928]LogModuleManager: Shutting down and abandoning module AnalyticsET (342)
[2017.12.05-03.14.51:389][928]LogModuleManager: Shutting down and abandoning module PortalServices (340)
[2017.12.05-03.14.51:389][928]LogModuleManager: Shutting down and abandoning module PortalRpc (338)
[2017.12.05-03.14.51:389][928]LogModuleManager: Shutting down and abandoning module MessagingRpc (336)
[2017.12.05-03.14.51:389][928]LogModuleManager: Shutting down and abandoning module AIModule (334)
[2017.12.05-03.14.51:389][928]LogModuleManager: Shutting down and abandoning module GameplayDebugger (333)
[2017.12.05-03.14.51:389][928]LogModuleManager: Shutting down and abandoning module AITestSuite (331)
[2017.12.05-03.14.51:389][928]LogModuleManager: Shutting down and abandoning module ProfilerService (328)
[2017.12.05-03.14.51:635][928]LogModuleManager: Shutting down and abandoning module TaskGraph (326)
[2017.12.05-03.14.51:636][928]LogModuleManager: Shutting down and abandoning module SteamVRController (324)
[2017.12.05-03.14.51:636][928]LogModuleManager: Shutting down and abandoning module SteamVR (322)
[2017.12.05-03.14.51:636][928]LogModuleManager: Shutting down and abandoning module ProceduralMeshComponentEditor (320)
[2017.12.05-03.14.51:636][928]LogModuleManager: Shutting down and abandoning module ProceduralMeshComponent (318)
[2017.12.05-03.14.51:636][928]LogModuleManager: Shutting down and abandoning module OculusLibrary (316)
[2017.12.05-03.14.51:636][928]LogModuleManager: Shutting down and abandoning module OculusInput (314)
[2017.12.05-03.14.51:636][928]LogModuleManager: Shutting down and abandoning module MobilePatchingUtils (312)
[2017.12.05-03.14.51:636][928]LogModuleManager: Shutting down and abandoning module CustomMeshComponent (310)
[2017.12.05-03.14.51:636][928]LogModuleManager: Shutting down and abandoning module CableComponent (308)
[2017.12.05-03.14.51:636][928]LogModuleManager: Shutting down and abandoning module ArchVisCharacter (306)
[2017.12.05-03.14.51:636][928]LogModuleManager: Shutting down and abandoning module AndroidPermission (304)
[2017.12.05-03.14.51:636][928]LogModuleManager: Shutting down and abandoning module MediaPlayerEditor (300)
[2017.12.05-03.14.51:636][928]LogModuleManager: Shutting down and abandoning module HTML5Networking (298)
[2017.12.05-03.14.51:636][928]LogModuleManager: Shutting down and abandoning module AlembicImporter (296)
[2017.12.05-03.14.51:637][928]LogModuleManager: Shutting down and abandoning module AlembicLibrary (295)
[2017.12.05-03.14.51:637][928]LogModuleManager: Shutting down and abandoning module GeometryCache (294)
[2017.12.05-03.14.51:637][928]LogModuleManager: Shutting down and abandoning module GeometryCacheEd (293)
[2017.12.05-03.14.51:637][928]LogModuleManager: Shutting down and abandoning module SuperSearchEditor (288)
[2017.12.05-03.14.51:637][928]LogModuleManager: Shutting down and abandoning module SuperSearch (287)
[2017.12.05-03.14.51:637][928]LogModuleManager: Shutting down and abandoning module SpeedTreeImporter (284)
[2017.12.05-03.14.51:637][928]LogModuleManager: Shutting down and abandoning module PluginBrowser (282)
[2017.12.05-03.14.51:637][928]LogModuleManager: Shutting down and abandoning module MobileLauncherProfileWizard (280)
[2017.12.05-03.14.51:637][928]LogModuleManager: Shutting down and abandoning module VisualStudioSourceCodeAccess (278)
[2017.12.05-03.14.51:637][928]LogModuleManager: Shutting down and abandoning module DesktopPlatform (277)
[2017.12.05-03.14.51:637][928]LogModuleManager: Shutting down and abandoning module UObjectPlugin (274)
[2017.12.05-03.14.51:637][928]LogModuleManager: Shutting down and abandoning module SubversionSourceControl (272)
[2017.12.05-03.14.51:637][928]LogModuleManager: Shutting down and abandoning module PerforceSourceControl (270)
[2017.12.05-03.14.51:637][928]LogModuleManager: Shutting down and abandoning module GitSourceControl (268)
[2017.12.05-03.14.51:637][928]LogModuleManager: Shutting down and abandoning module SourceControl (267)
[2017.12.05-03.14.51:637][928]LogModuleManager: Shutting down and abandoning module LightPropagationVolumeEditor (264)
[2017.12.05-03.14.51:637][928]LogModuleManager: Shutting down and abandoning module PaperTiledImporter (262)
[2017.12.05-03.14.51:637][928]LogModuleManager: Shutting down and abandoning module PaperSpriteSheetImporter (260)
[2017.12.05-03.14.51:637][928]LogModuleManager: Shutting down and abandoning module Paper2DEditor (258)
[2017.12.05-03.14.51:637][928]LogModuleManager: Shutting down and abandoning module MeshPaint (257)
[2017.12.05-03.14.51:637][928]LogModuleManager: Shutting down and abandoning module LevelEditor (255)
[2017.12.05-03.14.51:638][928]LogModuleManager: Shutting down and abandoning module PixelInspectorModule (254)
[2017.12.05-03.14.51:638][928]LogModuleManager: Shutting down and abandoning module MainFrame (252)
[2017.12.05-03.14.51:638][928]LogModuleManager: Shutting down and abandoning module HotReload (251)
[2017.12.05-03.14.51:639][928]LogModuleManager: Shutting down and abandoning module PhysXVehiclesEditor (246)
[2017.12.05-03.14.51:639][928]LogModuleManager: Shutting down and abandoning module PhysXVehicles (244)
[2017.12.05-03.14.51:639][928]LogModuleManager: Shutting down and abandoning module LocationServicesBPLibrary (242)
[2017.12.05-03.14.51:639][928]LogModuleManager: Shutting down and abandoning module ImmediatePhysicsEditor (240)
[2017.12.05-03.14.51:639][928]LogModuleManager: Shutting down and abandoning module ImmediatePhysics (238)
[2017.12.05-03.14.51:639][928]LogModuleManager: Shutting down and abandoning module UdpMessaging (236)
[2017.12.05-03.14.51:740][928]LogModuleManager: Shutting down and abandoning module TcpMessaging (234)
[2017.12.05-03.14.51:841][928]LogModuleManager: Shutting down and abandoning module GameplayTagsEditor (232)
[2017.12.05-03.14.51:841][928]LogModuleManager: Shutting down and abandoning module FacialAnimationEditor (230)
[2017.12.05-03.14.51:841][928]LogModuleManager: Shutting down and abandoning module FacialAnimation (228)
[2017.12.05-03.14.51:841][928]LogModuleManager: Shutting down and abandoning module AssetManagerEditor (226)
[2017.12.05-03.14.51:842][928]LogModuleManager: Shutting down and abandoning module GraphEditor (225)
[2017.12.05-03.14.51:842][928]LogModuleManager: Shutting down and abandoning module ContentBrowser (223)
[2017.12.05-03.14.51:843][928]LogModuleManager: Shutting down and abandoning module LightPropagationVolumeRuntime (220)
[2017.12.05-03.14.51:843][928]LogModuleManager: Shutting down and abandoning module Paper2D (218)
[2017.12.05-03.14.51:843][928]LogModuleManager: Shutting down and abandoning module WindowsMoviePlayer (216)
[2017.12.05-03.14.51:843][928]LogModuleManager: Shutting down and abandoning module WmfMedia (214)
[2017.12.05-03.14.51:843][928]LogModuleManager: Shutting down and abandoning module ClothingSystemEditor (212)
[2017.12.05-03.14.51:843][928]LogModuleManager: Shutting down and abandoning module ClothingSystemRuntime (210)
[2017.12.05-03.14.51:843][928]LogModuleManager: Shutting down and abandoning module MediaAssets (208)
[2017.12.05-03.14.51:843][928]LogModuleManager: Shutting down and abandoning module GameLiveStreaming (206)
[2017.12.05-03.14.51:843][928]LogModuleManager: Shutting down and abandoning module VREditor (204)
[2017.12.05-03.14.51:843][928]LogModuleManager: Shutting down and abandoning module StringTableEditor (202)
[2017.12.05-03.14.51:844][928]LogModuleManager: Shutting down and abandoning module GameplayTasksEditor (200)
[2017.12.05-03.14.51:844][928]LogModuleManager: Shutting down and abandoning module BehaviorTreeEditor (198)
[2017.12.05-03.14.51:844][928]LogModuleManager: Shutting down and abandoning module FunctionalTesting (196)
[2017.12.05-03.14.51:844][928]LogModuleManager: Shutting down and abandoning module CollisionAnalyzer (194)
[2017.12.05-03.14.51:844][928]LogModuleManager: Shutting down and abandoning module UMG (192)
[2017.12.05-03.14.51:845][928]LogModuleManager: Shutting down and abandoning module UMGEditor (191)
[2017.12.05-03.14.51:845][928]LogModuleManager: Shutting down and abandoning module Sequencer (190)
[2017.12.05-03.14.51:845][928]LogModuleManager: Shutting down and abandoning module AssetTools (188)
[2017.12.05-03.14.51:846][928]LogModuleManager: Shutting down and abandoning module MessageLog (187)
[2017.12.05-03.14.51:846][928]LogModuleManager: Shutting down and abandoning module WorkspaceMenuStructure (186)
[2017.12.05-03.14.51:846][928]LogModuleManager: Shutting down and abandoning module SlateReflector (180)
[2017.12.05-03.14.51:846][928]LogModuleManager: Shutting down and abandoning module Slate (178)
[2017.12.05-03.14.51:846][928]LogModuleManager: Shutting down and abandoning module EditorStyle (176)
[2017.12.05-03.14.51:850][928]LogModuleManager: Shutting down and abandoning module SourceCodeAccess (174)
[2017.12.05-03.14.51:850][928]LogModuleManager: Shutting down and abandoning module HeadMountedDisplay (172)
[2017.12.05-03.14.51:850][928]LogModuleManager: Shutting down and abandoning module XAudio2 (170)
[2017.12.05-03.14.51:850][928]LogModuleManager: Shutting down and abandoning module Networking (168)
[2017.12.05-03.14.51:850][928]LogModuleManager: Shutting down and abandoning module Core (164)
[2017.12.05-03.14.51:850][928]LogModuleManager: Shutting down and abandoning module AssetRegistry (162)
[2017.12.05-03.14.52:006][928]LogDirectoryWatcher: A directory notification for '../../../Engine/Content/' was aborted.
[2017.12.05-03.14.52:006][928]LogDirectoryWatcher: A directory notification for '../../../../../../Users/Max/Desktop/Unreal/TopDown/Content/' was aborted.
[2017.12.05-03.14.52:006][928]LogDirectoryWatcher: A directory notification for '../../../Engine/Plugins/2D/Paper2D/Content/' was aborted.
[2017.12.05-03.14.52:006][928]LogDirectoryWatcher: A directory notification for '../../../Engine/Plugins/Runtime/GearVR/Content/' was aborted.
[2017.12.05-03.14.52:009][928]LogModuleManager: Shutting down and abandoning module DirectoryWatcher (161)
[2017.12.05-03.14.52:010][928]LogModuleManager: Shutting down and abandoning module KismetCompiler (158)
[2017.12.05-03.14.52:010][928]LogModuleManager: Shutting down and abandoning module LevelSequence (156)
[2017.12.05-03.14.52:010][928]LogModuleManager: Shutting down and abandoning module PhysXFormats (154)
[2017.12.05-03.14.52:010][928]LogModuleManager: Shutting down and abandoning module MeshUtilities (152)
[2017.12.05-03.14.52:010][928]LogModuleManager: Shutting down and abandoning module SimplygonSwarm (151)
[2017.12.05-03.14.52:010][928]LogModuleManager: Shutting down and abandoning module SimplygonMeshReduction (149)
[2017.12.05-03.14.52:010][928]LogModuleManager: Shutting down and abandoning module QuadricMeshReduction (147)
[2017.12.05-03.14.52:010][928]LogModuleManager: Shutting down and abandoning module DerivedDataCache (144)
[2017.12.05-03.14.52:017][928]LogDerivedDataCache: Shutdown
[2017.12.05-03.14.52:017][928]LogModuleManager: Shutting down and abandoning module TargetPlatform (142)
[2017.12.05-03.14.52:017][928]LogModuleManager: Shutting down and abandoning module VulkanShaderFormat (141)
[2017.12.05-03.14.52:017][928]LogModuleManager: Shutting down and abandoning module ShaderFormatVectorVM (139)
[2017.12.05-03.14.52:017][928]LogModuleManager: Shutting down and abandoning module ShaderFormatOpenGL (137)
[2017.12.05-03.14.52:018][928]LogModuleManager: Shutting down and abandoning module ShaderFormatD3D (135)
[2017.12.05-03.14.52:018][928]LogModuleManager: Shutting down and abandoning module MetalShaderFormat (133)
[2017.12.05-03.14.52:019][928]LogModuleManager: Shutting down and abandoning module TextureFormatUncompressed (131)
[2017.12.05-03.14.52:019][928]LogModuleManager: Shutting down and abandoning module TextureFormatPVR (129)
[2017.12.05-03.14.52:019][928]LogModuleManager: Shutting down and abandoning module TextureFormatDXT (127)
[2017.12.05-03.14.52:019][928]LogModuleManager: Shutting down and abandoning module TextureFormatIntelISPCTexComp (125)
[2017.12.05-03.14.52:019][928]LogModuleManager: Shutting down and abandoning module TextureFormatASTC (123)
[2017.12.05-03.14.52:019][928]LogModuleManager: Shutting down and abandoning module ImageWrapper (122)
[2017.12.05-03.14.52:019][928]LogModuleManager: Shutting down and abandoning module TextureFormatAndroid (119)
[2017.12.05-03.14.52:019][928]LogModuleManager: Shutting down and abandoning module AudioFormatOpus (117)
[2017.12.05-03.14.52:019][928]LogModuleManager: Shutting down and abandoning module AudioFormatOgg (115)
[2017.12.05-03.14.52:019][928]LogModuleManager: Shutting down and abandoning module AudioFormatADPCM (113)
[2017.12.05-03.14.52:019][928]LogModuleManager: Shutting down and abandoning module LinuxTargetPlatform (111)
[2017.12.05-03.14.52:019][928]LogModuleManager: Shutting down and abandoning module LinuxServerTargetPlatform (109)
[2017.12.05-03.14.52:019][928]LogModuleManager: Shutting down and abandoning module LinuxNoEditorTargetPlatform (107)
[2017.12.05-03.14.52:019][928]LogModuleManager: Shutting down and abandoning module LinuxClientTargetPlatform (105)
[2017.12.05-03.14.52:019][928]LogModuleManager: Shutting down and abandoning module TVOSTargetPlatform (103)
[2017.12.05-03.14.52:019][928]LogModuleManager: Shutting down and abandoning module Messaging (101)
[2017.12.05-03.14.52:019][928]LogModuleManager: Shutting down and abandoning module IOSTargetPlatform (99)
[2017.12.05-03.14.52:019][928]LogModuleManager: Shutting down and abandoning module HTML5TargetPlatform (97)
[2017.12.05-03.14.52:019][928]LogModuleManager: Shutting down and abandoning module Android_PVRTCTargetPlatform (95)
[2017.12.05-03.14.52:019][928]LogModuleManager: Shutting down and abandoning module Android_MultiTargetPlatform (93)
[2017.12.05-03.14.52:020][928]LogModuleManager: Shutting down and abandoning module Android_ETC2TargetPlatform (91)
[2017.12.05-03.14.52:020][928]LogModuleManager: Shutting down and abandoning module Android_ETC1TargetPlatform (89)
[2017.12.05-03.14.52:020][928]LogModuleManager: Shutting down and abandoning module Android_DXTTargetPlatform (87)
[2017.12.05-03.14.52:020][928]LogModuleManager: Shutting down and abandoning module Android_ATCTargetPlatform (85)
[2017.12.05-03.14.52:020][928]LogModuleManager: Shutting down and abandoning module Android_ASTCTargetPlatform (83)
[2017.12.05-03.14.52:020][928]LogModuleManager: Shutting down and abandoning module AndroidTargetPlatform (81)
[2017.12.05-03.14.52:020][928]LogModuleManager: Shutting down and abandoning module WindowsTargetPlatform (79)
[2017.12.05-03.14.52:020][928]LogModuleManager: Shutting down and abandoning module WindowsServerTargetPlatform (77)
[2017.12.05-03.14.52:020][928]LogModuleManager: Shutting down and abandoning module WindowsNoEditorTargetPlatform (75)
[2017.12.05-03.14.52:020][928]LogModuleManager: Shutting down and abandoning module WindowsClientTargetPlatform (73)
[2017.12.05-03.14.52:020][928]LogModuleManager: Shutting down and abandoning module MacTargetPlatform (71)
[2017.12.05-03.14.52:020][928]LogModuleManager: Shutting down and abandoning module MacServerTargetPlatform (69)
[2017.12.05-03.14.52:020][928]LogModuleManager: Shutting down and abandoning module MacNoEditorTargetPlatform (67)
[2017.12.05-03.14.52:020][928]LogModuleManager: Shutting down and abandoning module MacClientTargetPlatform (65)
[2017.12.05-03.14.52:020][928]LogModuleManager: Shutting down and abandoning module AllDesktopTargetPlatform (63)
[2017.12.05-03.14.52:020][928]LogModuleManager: Shutting down and abandoning module InputCore (60)
[2017.12.05-03.14.52:020][928]LogModuleManager: Shutting down and abandoning module Settings (58)
[2017.12.05-03.14.52:020][928]LogModuleManager: Shutting down and abandoning module OculusRift (56)
[2017.12.05-03.14.52:020][928]LogModuleManager: Shutting down and abandoning module GearVRController (54)
[2017.12.05-03.14.52:020][928]LogModuleManager: Shutting down and abandoning module GearVR (52)
[2017.12.05-03.14.52:020][928]LogModuleManager: Shutting down and abandoning module ExampleDeviceProfileSelector (50)
[2017.12.05-03.14.52:020][928]LogModuleManager: Shutting down and abandoning module OnlineBlueprintSupport (48)
[2017.12.05-03.14.52:020][928]LogModuleManager: Shutting down and abandoning module OnlineSubsystem (44)
[2017.12.05-03.14.52:020][928]LogOnline:Display: Unloading online subsystem: NULL
[2017.12.05-03.14.52:021][928]LogModuleManager: Shutting down and abandoning module XMPP (43)
[2017.12.05-03.14.52:021][928]LogModuleManager: Shutting down and abandoning module HTTP (41)
[2017.12.05-03.14.52:021][928]LogHttp:Display: Http module shutting down, but needs to wait on 1 outstanding Http requests:
[2017.12.05-03.14.52:021][928]LogHttp:Display: 	verb=[POST] url=[https://datarouter.ol.epicgames.com/datarouter/api/v1/public/data?SessionID=%7B2B8BEA5D-4721-8D7A-D5A1-79BF97E5E96E%7D&AppID=UEEditor.Rocket.Release&AppVersion=4.16.2-3514769%2B%2B%2BUE4%2BRelease-4.16&UserID=144d638e4bcfc5d4334e3ea112ef68da%7C8186b5bca3f9435db9ce45a259e2d8af%7Cfa80414f-c35f-4b26-9592-bd1f0564225a&AppEnvironment=datacollector-binary&UploadType=eteventstream] status=Processing
[2017.12.05-03.14.52:032][928]LogModuleManager: Shutting down and abandoning module SSL (40)
[2017.12.05-03.14.52:035][928]LogModuleManager: Shutting down and abandoning module HTTPChunkInstaller (36)
[2017.12.05-03.14.52:035][928]LogModuleManager: Shutting down and abandoning module AnimationModifiers (34)
[2017.12.05-03.14.52:036][928]LogModuleManager: Shutting down and abandoning module PropertyEditor (33)
[2017.12.05-03.14.52:036][928]LogModuleManager: Shutting down and abandoning module AudioEditor (30)
[2017.12.05-03.14.52:037][928]LogModuleManager: Shutting down and abandoning module TextureCompressor (28)
[2017.12.05-03.14.52:037][928]LogModuleManager: Shutting down and abandoning module ShaderCore (26)
[2017.12.05-03.14.52:037][928]LogModuleManager: Shutting down and abandoning module Landscape (24)
[2017.12.05-03.14.52:037][928]LogModuleManager: Shutting down and abandoning module SlateRHIRenderer (22)
[2017.12.05-03.14.52:039][928]LogModuleManager: Shutting down and abandoning module OpenGLDrv (20)
[2017.12.05-03.14.52:039][928]LogModuleManager: Shutting down and abandoning module D3D11RHI (18)
[2017.12.05-03.14.52:039][928]LogModuleManager: Shutting down and abandoning module AnimGraphRuntime (16)
[2017.12.05-03.14.52:039][928]LogModuleManager: Shutting down and abandoning module Renderer (14)
[2017.12.05-03.14.52:039][928]LogModuleManager: Shutting down and abandoning module Engine (12)
[2017.12.05-03.14.52:039][928]LogModuleManager: Shutting down and abandoning module CoreUObject (10)
[2017.12.05-03.14.52:040][928]LogModuleManager: Shutting down and abandoning module NetworkFile (8)
[2017.12.05-03.14.52:040][928]LogModuleManager: Shutting down and abandoning module StreamingFile (6)
[2017.12.05-03.14.52:040][928]LogModuleManager: Shutting down and abandoning module SandboxFile (4)
[2017.12.05-03.14.52:040][928]LogModuleManager: Shutting down and abandoning module PakFile (2)
[2017.12.05-03.14.52:041][928]LogExit: Exiting.
[2017.12.05-03.14.52:059][928]Log file closed, 12/04/17 22:14:52
